#
# There is insufficient memory for the Java Runtime Environment to continue.
# Native memory allocation (malloc) failed to allocate 654576 bytes for Chunk::new
# Possible reasons:
#   The system is out of physical RAM or swap space
#   The process is running with CompressedOops enabled, and the Java Heap may be blocking the growth of the native heap
# Possible solutions:
#   Reduce memory load on the system
#   Increase physical memory or swap space
#   Check if swap backing store is full
#   Decrease Java heap size (-Xmx/-Xms)
#   Decrease number of Java threads
#   Decrease Java thread stack sizes (-Xss)
#   Set larger code cache with -XX:ReservedCodeCacheSize=
#   JVM is running with Unscaled Compressed Oops mode in which the Java heap is
#     placed in the first 4GB address space. The Java Heap base address is the
#     maximum limit for the native heap growth. Please use -XX:HeapBaseMinAddress
#     to set the Java Heap base and to place the Java Heap above 4GB virtual address.
# This output file may be truncated or incomplete.
#
#  Out of Memory Error (allocation.cpp:389), pid=10332, tid=0x0000000000003f54
#
# JRE version: Java(TM) SE Runtime Environment (8.0_202-b08) (build 1.8.0_202-b08)
# Java VM: Java HotSpot(TM) 64-Bit Server VM (25.202-b08 mixed mode windows-amd64 compressed oops)
# Failed to write core dump. Minidumps are not enabled by default on client versions of Windows
#

---------------  T H R E A D  ---------------

Current thread (0x0000000017fca000):  JavaThread "C2 CompilerThread0" daemon [_thread_in_native, id=16212, stack(0x00000000188a0000,0x00000000189a0000)]

Stack: [0x00000000188a0000,0x00000000189a0000]
[error occurred during error reporting (printing stack bounds), id 0xc0000005]

Native frames: (J=compiled Java code, j=interpreted, Vv=VM code, C=native code)


Current CompileTask:
C2:   3467 2915       4       java.io.WinNTFileSystem::normalize (231 bytes)


---------------  P R O C E S S  ---------------

Java Threads: ( => current thread )
  0x000000001dbd0800 JavaThread "Build operations Thread 8" [_thread_blocked, id=14276, stack(0x00000000225c0000,0x00000000226c0000)]
  0x000000001dbd0000 JavaThread "Build operations Thread 7" [_thread_blocked, id=5000, stack(0x00000000224c0000,0x00000000225c0000)]
  0x000000001dbce800 JavaThread "Build operations Thread 6" [_thread_blocked, id=13220, stack(0x00000000223c0000,0x00000000224c0000)]
  0x000000001dbcd000 JavaThread "Build operations Thread 5" [_thread_blocked, id=11300, stack(0x00000000222c0000,0x00000000223c0000)]
  0x000000001dbcf000 JavaThread "Build operations Thread 4" [_thread_blocked, id=11668, stack(0x00000000221c0000,0x00000000222c0000)]
  0x000000001dbd3800 JavaThread "Build operations Thread 3" [_thread_blocked, id=13644, stack(0x00000000220c0000,0x00000000221c0000)]
  0x000000001a50e000 JavaThread "Build operations Thread 2" [_thread_blocked, id=15700, stack(0x0000000021fc0000,0x00000000220c0000)]
  0x000000001a514000 JavaThread "Build operations" [_thread_blocked, id=14140, stack(0x0000000021c70000,0x0000000021d70000)]
  0x000000001a511000 JavaThread "Cache worker for Artifact transforms cache (C:\Users\Shubham\.gradle\caches\transforms-1)" [_thread_blocked, id=15936, stack(0x0000000021970000,0x0000000021a70000)]
  0x000000001a50f800 JavaThread "Cache worker for cache directory md-rule (C:\Users\Shubham\.gradle\caches\4.10.1\md-rule)" [_thread_blocked, id=15720, stack(0x000000001f400000,0x000000001f500000)]
  0x000000001a513800 JavaThread "Cache worker for cache directory md-supplier (C:\Users\Shubham\.gradle\caches\4.10.1\md-supplier)" [_thread_blocked, id=15424, stack(0x000000001f060000,0x000000001f160000)]
  0x000000001a512800 JavaThread "Cache worker for journal cache (C:\Users\Shubham\.gradle\caches\journal-1)" [_thread_blocked, id=15396, stack(0x000000001dd90000,0x000000001de90000)]
  0x000000001a50f000 JavaThread "Cache worker for file hash cache (C:\Users\Shubham\IdeaProjects\YelpSearchAndroidApp\.gradle\4.10.1\fileHashes)" [_thread_blocked, id=2312, stack(0x000000001dc90000,0x000000001dd90000)]
  0x000000001a50d800 JavaThread "File lock request listener" [_thread_in_native, id=6584, stack(0x000000001cbc0000,0x000000001ccc0000)]
  0x000000001a510800 JavaThread "Cache worker for file hash cache (C:\Users\Shubham\.gradle\caches\4.10.1\fileHashes)" [_thread_blocked, id=15696, stack(0x000000001cac0000,0x000000001cbc0000)]
  0x0000000018285800 JavaThread "Stdin handler" [_thread_blocked, id=7564, stack(0x000000001b7f0000,0x000000001b8f0000)]
  0x0000000018285000 JavaThread "Asynchronous log dispatcher for DefaultDaemonConnection: socket connection from /127.0.0.1:50832 to /127.0.0.1:50833" [_thread_blocked, id=13128, stack(0x000000001b5f0000,0x000000001b6f0000)]
  0x000000001828e000 JavaThread "Daemon worker" [_thread_in_Java, id=3728, stack(0x000000001b4f0000,0x000000001b5f0000)]
  0x000000001828d000 JavaThread "Cancel handler" [_thread_blocked, id=4400, stack(0x000000001b3f0000,0x000000001b4f0000)]
  0x00000000190b2000 JavaThread "Handler for socket connection from /127.0.0.1:50832 to /127.0.0.1:50833" [_thread_in_native, id=10024, stack(0x000000001b0f0000,0x000000001b1f0000)]
  0x00000000182d5000 JavaThread "Daemon" [_thread_blocked, id=16288, stack(0x000000001aff0000,0x000000001b0f0000)]
  0x000000001838d000 JavaThread "Daemon periodic checks" [_thread_blocked, id=16008, stack(0x000000001aef0000,0x000000001aff0000)]
  0x000000001838a000 JavaThread "Incoming local TCP Connector on port 50832" [_thread_in_native, id=8452, stack(0x000000001acb0000,0x000000001adb0000)]
  0x000000001a165000 JavaThread "Daemon health stats" [_thread_blocked, id=9780, stack(0x000000001a670000,0x000000001a770000)]
  0x0000000017fe4000 JavaThread "Service Thread" daemon [_thread_blocked, id=14252, stack(0x0000000018ca0000,0x0000000018da0000)]
  0x0000000017fd7000 JavaThread "C1 CompilerThread3" daemon [_thread_blocked, id=9312, stack(0x0000000018ba0000,0x0000000018ca0000)]
  0x0000000017fd3000 JavaThread "C2 CompilerThread2" daemon [_thread_in_native, id=15392, stack(0x0000000018aa0000,0x0000000018ba0000)]
  0x0000000017fd2000 JavaThread "C2 CompilerThread1" daemon [_thread_in_native, id=16000, stack(0x00000000189a0000,0x0000000018aa0000)]
=>0x0000000017fca000 JavaThread "C2 CompilerThread0" daemon [_thread_in_native, id=16212, stack(0x00000000188a0000,0x00000000189a0000)]
  0x0000000017fc8800 JavaThread "Attach Listener" daemon [_thread_blocked, id=11772, stack(0x00000000187a0000,0x00000000188a0000)]
  0x00000000161de800 JavaThread "Signal Dispatcher" daemon [_thread_blocked, id=10072, stack(0x00000000186a0000,0x00000000187a0000)]
  0x0000000017fc0800 JavaThread "Finalizer" daemon [_thread_blocked, id=15912, stack(0x00000000184a0000,0x00000000185a0000)]
  0x00000000161cd800 JavaThread "Reference Handler" daemon [_thread_blocked, id=11164, stack(0x00000000183a0000,0x00000000184a0000)]
  0x00000000022f2800 JavaThread "main" [_thread_blocked, id=10272, stack(0x0000000000a00000,0x0000000000b00000)]

Other Threads:
  0x00000000161c9000 VMThread [stack: 0x0000000017ea0000,0x0000000017fa0000] [id=1076]
  0x0000000018092800 WatcherThread [stack: 0x0000000018da0000,0x0000000018ea0000] [id=5676]

VM state:not at safepoint (normal execution)

VM Mutex/Monitor currently owned by a thread: None

heap address: 0x00000000a0000000, size: 1536 MB, Compressed Oops mode: 32-bit
Narrow klass base: 0x0000000000000000, Narrow klass shift: 3
Compressed class space size: 1073741824 Address: 0x0000000100000000

Heap:
 PSYoungGen      total 70656K, used 61948K [0x00000000e0000000, 0x00000000e6980000, 0x0000000100000000)
  eden space 59392K, 92% used [0x00000000e0000000,0x00000000e35bfc90,0x00000000e3a00000)
  from space 11264K, 61% used [0x00000000e3a00000,0x00000000e40bf688,0x00000000e4500000)
  to   space 10752K, 0% used [0x00000000e5f00000,0x00000000e5f00000,0x00000000e6980000)
 ParOldGen       total 62464K, used 9612K [0x00000000a0000000, 0x00000000a3d00000, 0x00000000e0000000)
  object space 62464K, 15% used [0x00000000a0000000,0x00000000a09633c8,0x00000000a3d00000)
 Metaspace       used 31401K, capacity 31866K, committed 32128K, reserved 1077248K
  class space    used 4508K, capacity 4718K, committed 4736K, reserved 1048576K

Card table byte_map: [0x00000000117b0000,0x0000000011ac0000] byte_map_base: 0x00000000112b0000

Marking Bits: (ParMarkBitMap*) 0x0000000068555ce0
 Begin Bits: [0x00000000124c0000, 0x0000000013cc0000)
 End Bits:   [0x0000000013cc0000, 0x00000000154c0000)

Polling page: 0x0000000000590000

CodeCache: size=245760Kb used=10647Kb max_used=10663Kb free=235112Kb
 bounds [0x00000000023f0000, 0x0000000002e70000, 0x00000000113f0000]
 total_blobs=3626 nmethods=2940 adapters=597
 compilation: enabled

Compilation events (10 events):
Event: 3.439 Thread 0x0000000017fd7000 2944       3       java.lang.reflect.WeakCache::expungeStaleEntries (31 bytes)
Event: 3.440 Thread 0x0000000017fd7000 nmethod 2944 0x0000000002e48cd0 code [0x0000000002e48e80, 0x0000000002e49538]
Event: 3.441 Thread 0x0000000017fd7000 2945       3       java.lang.Class$MethodArray::addInterfaceMethods (44 bytes)
Event: 3.441 Thread 0x0000000017fd7000 nmethod 2945 0x0000000002e25ad0 code [0x0000000002e25c60, 0x0000000002e26068]
Event: 3.442 Thread 0x0000000017fd7000 2946       3       sun.reflect.annotation.AnnotationParser::parseAnnotations2 (135 bytes)
Event: 3.444 Thread 0x0000000017fd7000 nmethod 2946 0x0000000002e45210 code [0x0000000002e455c0, 0x0000000002e474f8]
Event: 3.444 Thread 0x0000000017fd7000 2947       3       com.google.common.collect.LinkedHashMultimap::succeedsInMultimap (11 bytes)
Event: 3.444 Thread 0x0000000017fd7000 nmethod 2947 0x0000000002e44c50 code [0x0000000002e44dc0, 0x0000000002e450f0]
Event: 3.444 Thread 0x0000000017fd7000 2948       3       com.google.common.collect.LinkedHashMultimap$ValueEntry::setSuccessorInMultimap (6 bytes)
Event: 3.444 Thread 0x0000000017fd7000 nmethod 2948 0x0000000002e44910 code [0x0000000002e44a60, 0x0000000002e44bd0]

GC Heap History (10 events):
Event: 1.969 GC heap before
{Heap before GC invocations=4 (full 0):
 PSYoungGen      total 38400K, used 38389K [0x00000000e0000000, 0x00000000e2a80000, 0x0000000100000000)
  eden space 33280K, 100% used [0x00000000e0000000,0x00000000e2080000,0x00000000e2080000)
  from space 5120K, 99% used [0x00000000e2080000,0x00000000e257d470,0x00000000e2580000)
  to   space 5120K, 0% used [0x00000000e2580000,0x00000000e2580000,0x00000000e2a80000)
 ParOldGen       total 87552K, used 2146K [0x00000000a0000000, 0x00000000a5580000, 0x00000000e0000000)
  object space 87552K, 2% used [0x00000000a0000000,0x00000000a0218b88,0x00000000a5580000)
 Metaspace       used 16710K, capacity 17066K, committed 17280K, reserved 1064960K
  class space    used 2473K, capacity 2647K, committed 2688K, reserved 1048576K
Event: 1.976 GC heap after
Heap after GC invocations=4 (full 0):
 PSYoungGen      total 38400K, used 5104K [0x00000000e0000000, 0x00000000e4b00000, 0x0000000100000000)
  eden space 33280K, 0% used [0x00000000e0000000,0x00000000e0000000,0x00000000e2080000)
  from space 5120K, 99% used [0x00000000e2580000,0x00000000e2a7c030,0x00000000e2a80000)
  to   space 5120K, 0% used [0x00000000e2080000,0x00000000e2080000,0x00000000e2580000)
 ParOldGen       total 87552K, used 5368K [0x00000000a0000000, 0x00000000a5580000, 0x00000000e0000000)
  object space 87552K, 6% used [0x00000000a0000000,0x00000000a053e268,0x00000000a5580000)
 Metaspace       used 16710K, capacity 17066K, committed 17280K, reserved 1064960K
  class space    used 2473K, capacity 2647K, committed 2688K, reserved 1048576K
}
Event: 2.304 GC heap before
{Heap before GC invocations=5 (full 0):
 PSYoungGen      total 38400K, used 37169K [0x00000000e0000000, 0x00000000e4b00000, 0x0000000100000000)
  eden space 33280K, 96% used [0x00000000e0000000,0x00000000e1f50760,0x00000000e2080000)
  from space 5120K, 99% used [0x00000000e2580000,0x00000000e2a7c030,0x00000000e2a80000)
  to   space 5120K, 0% used [0x00000000e2080000,0x00000000e2080000,0x00000000e2580000)
 ParOldGen       total 87552K, used 5368K [0x00000000a0000000, 0x00000000a5580000, 0x00000000e0000000)
  object space 87552K, 6% used [0x00000000a0000000,0x00000000a053e268,0x00000000a5580000)
 Metaspace       used 20760K, capacity 21212K, committed 21296K, reserved 1067008K
  class space    used 2979K, capacity 3182K, committed 3200K, reserved 1048576K
Event: 2.309 GC heap after
Heap after GC invocations=5 (full 0):
 PSYoungGen      total 38400K, used 5088K [0x00000000e0000000, 0x00000000e5700000, 0x0000000100000000)
  eden space 33280K, 0% used [0x00000000e0000000,0x00000000e0000000,0x00000000e2080000)
  from space 5120K, 99% used [0x00000000e2080000,0x00000000e2578030,0x00000000e2580000)
  to   space 11264K, 0% used [0x00000000e4c00000,0x00000000e4c00000,0x00000000e5700000)
 ParOldGen       total 87552K, used 9627K [0x00000000a0000000, 0x00000000a5580000, 0x00000000e0000000)
  object space 87552K, 10% used [0x00000000a0000000,0x00000000a0966e38,0x00000000a5580000)
 Metaspace       used 20760K, capacity 21212K, committed 21296K, reserved 1067008K
  class space    used 2979K, capacity 3182K, committed 3200K, reserved 1048576K
}
Event: 2.309 GC heap before
{Heap before GC invocations=6 (full 1):
 PSYoungGen      total 38400K, used 5088K [0x00000000e0000000, 0x00000000e5700000, 0x0000000100000000)
  eden space 33280K, 0% used [0x00000000e0000000,0x00000000e0000000,0x00000000e2080000)
  from space 5120K, 99% used [0x00000000e2080000,0x00000000e2578030,0x00000000e2580000)
  to   space 11264K, 0% used [0x00000000e4c00000,0x00000000e4c00000,0x00000000e5700000)
 ParOldGen       total 87552K, used 9627K [0x00000000a0000000, 0x00000000a5580000, 0x00000000e0000000)
  object space 87552K, 10% used [0x00000000a0000000,0x00000000a0966e38,0x00000000a5580000)
 Metaspace       used 20760K, capacity 21212K, committed 21296K, reserved 1067008K
  class space    used 2979K, capacity 3182K, committed 3200K, reserved 1048576K
Event: 2.332 GC heap after
Heap after GC invocations=6 (full 1):
 PSYoungGen      total 38400K, used 0K [0x00000000e0000000, 0x00000000e5700000, 0x0000000100000000)
  eden space 33280K, 0% used [0x00000000e0000000,0x00000000e0000000,0x00000000e2080000)
  from space 5120K, 0% used [0x00000000e2080000,0x00000000e2080000,0x00000000e2580000)
  to   space 11264K, 0% used [0x00000000e4c00000,0x00000000e4c00000,0x00000000e5700000)
 ParOldGen       total 62464K, used 9596K [0x00000000a0000000, 0x00000000a3d00000, 0x00000000e0000000)
  object space 62464K, 15% used [0x00000000a0000000,0x00000000a095f3c8,0x00000000a3d00000)
 Metaspace       used 20760K, capacity 21212K, committed 21296K, reserved 1067008K
  class space    used 2979K, capacity 3182K, committed 3200K, reserved 1048576K
}
Event: 2.620 GC heap before
{Heap before GC invocations=7 (full 1):
 PSYoungGen      total 38400K, used 33280K [0x00000000e0000000, 0x00000000e5700000, 0x0000000100000000)
  eden space 33280K, 100% used [0x00000000e0000000,0x00000000e2080000,0x00000000e2080000)
  from space 5120K, 0% used [0x00000000e2080000,0x00000000e2080000,0x00000000e2580000)
  to   space 11264K, 0% used [0x00000000e4c00000,0x00000000e4c00000,0x00000000e5700000)
 ParOldGen       total 62464K, used 9596K [0x00000000a0000000, 0x00000000a3d00000, 0x00000000e0000000)
  object space 62464K, 15% used [0x00000000a0000000,0x00000000a095f3c8,0x00000000a3d00000)
 Metaspace       used 24859K, capacity 25350K, committed 25472K, reserved 1071104K
  class space    used 3508K, capacity 3702K, committed 3712K, reserved 1048576K
Event: 2.626 GC heap after
Heap after GC invocations=7 (full 1):
 PSYoungGen      total 57856K, used 4039K [0x00000000e0000000, 0x00000000e5000000, 0x0000000100000000)
  eden space 53760K, 0% used [0x00000000e0000000,0x00000000e0000000,0x00000000e3480000)
  from space 4096K, 98% used [0x00000000e4c00000,0x00000000e4ff1e60,0x00000000e5000000)
  to   space 11264K, 0% used [0x00000000e3a00000,0x00000000e3a00000,0x00000000e4500000)
 ParOldGen       total 62464K, used 9604K [0x00000000a0000000, 0x00000000a3d00000, 0x00000000e0000000)
  object space 62464K, 15% used [0x00000000a0000000,0x00000000a09613c8,0x00000000a3d00000)
 Metaspace       used 24859K, capacity 25350K, committed 25472K, reserved 1071104K
  class space    used 3508K, capacity 3702K, committed 3712K, reserved 1048576K
}
Event: 3.050 GC heap before
{Heap before GC invocations=8 (full 1):
 PSYoungGen      total 57856K, used 57799K [0x00000000e0000000, 0x00000000e5000000, 0x0000000100000000)
  eden space 53760K, 100% used [0x00000000e0000000,0x00000000e3480000,0x00000000e3480000)
  from space 4096K, 98% used [0x00000000e4c00000,0x00000000e4ff1e60,0x00000000e5000000)
  to   space 11264K, 0% used [0x00000000e3a00000,0x00000000e3a00000,0x00000000e4500000)
 ParOldGen       total 62464K, used 9604K [0x00000000a0000000, 0x00000000a3d00000, 0x00000000e0000000)
  object space 62464K, 15% used [0x00000000a0000000,0x00000000a09613c8,0x00000000a3d00000)
 Metaspace       used 28601K, capacity 29078K, committed 29184K, reserved 1075200K
  class space    used 4061K, capacity 4260K, committed 4352K, reserved 1048576K
Event: 3.057 GC heap after
Heap after GC invocations=8 (full 1):
 PSYoungGen      total 70656K, used 6909K [0x00000000e0000000, 0x00000000e6980000, 0x0000000100000000)
  eden space 59392K, 0% used [0x00000000e0000000,0x00000000e0000000,0x00000000e3a00000)
  from space 11264K, 61% used [0x00000000e3a00000,0x00000000e40bf688,0x00000000e4500000)
  to   space 10752K, 0% used [0x00000000e5f00000,0x00000000e5f00000,0x00000000e6980000)
 ParOldGen       total 62464K, used 9612K [0x00000000a0000000, 0x00000000a3d00000, 0x00000000e0000000)
  object space 62464K, 15% used [0x00000000a0000000,0x00000000a09633c8,0x00000000a3d00000)
 Metaspace       used 28601K, capacity 29078K, committed 29184K, reserved 1075200K
  class space    used 4061K, capacity 4260K, committed 4352K, reserved 1048576K
}

Deoptimization events (10 events):
Event: 2.635 Thread 0x000000001828e000 Uncommon trap: reason=unstable_if action=reinterpret pc=0x00000000026b5db0 method=java.util.LinkedHashMap.afterNodeInsertion(Z)V @ 1
Event: 2.779 Thread 0x000000001828e000 Uncommon trap: reason=class_check action=maybe_recompile pc=0x00000000029bfaf0 method=sun.misc.URLClassPath.getLoader(I)Lsun/misc/URLClassPath$Loader; @ 94
Event: 2.782 Thread 0x000000001828e000 Uncommon trap: reason=class_check action=maybe_recompile pc=0x00000000029bb830 method=sun.misc.URLClassPath.getLoader(I)Lsun/misc/URLClassPath$Loader; @ 239
Event: 2.858 Thread 0x000000001828e000 Uncommon trap: reason=unstable_if action=reinterpret pc=0x00000000026863cc method=java.io.WinNTFileSystem.resolve(Ljava/lang/String;Ljava/lang/String;)Ljava/lang/String; @ 49
Event: 3.092 Thread 0x000000001828e000 Uncommon trap: reason=unstable_if action=reinterpret pc=0x0000000002c25d20 method=java.net.URI.match(CJJ)Z @ 45
Event: 3.234 Thread 0x000000001828e000 Uncommon trap: reason=unstable_if action=reinterpret pc=0x0000000002d47a58 method=java.util.concurrent.ConcurrentHashMap.get(Ljava/lang/Object;)Ljava/lang/Object; @ 152
Event: 3.234 Thread 0x000000001828e000 Uncommon trap: reason=class_check action=maybe_recompile pc=0x0000000002902160 method=java.util.concurrent.ConcurrentHashMap.putVal(Ljava/lang/Object;Ljava/lang/Object;Z)Ljava/lang/Object; @ 192
Event: 3.234 Thread 0x000000001828e000 Uncommon trap: reason=class_check action=maybe_recompile pc=0x0000000002902160 method=java.util.concurrent.ConcurrentHashMap.putVal(Ljava/lang/Object;Ljava/lang/Object;Z)Ljava/lang/Object; @ 192
Event: 3.277 Thread 0x000000001dbd0000 Uncommon trap: reason=unstable_if action=reinterpret pc=0x00000000029021ec method=java.util.concurrent.ConcurrentHashMap.addCount(JI)V @ 272
Event: 3.443 Thread 0x000000001828e000 Uncommon trap: reason=range_check action=make_not_entrant pc=0x0000000002d2a330 method=java.lang.String.charAt(I)C @ 27

Classes redefined (0 events):
No events

Internal exceptions (10 events):
Event: 3.414 Thread 0x000000001828e000 Exception <a 'java/security/PrivilegedActionException'> (0x00000000e2fa7f40) thrown at [C:\re\workspace\8-2-build-windows-amd64-cygwin\jdk8u202\12323\hotspot\src\share\vm\prims\jvm.cpp, line 1502]
Event: 3.414 Thread 0x000000001828e000 Exception <a 'java/security/PrivilegedActionException'> (0x00000000e2fa88f0) thrown at [C:\re\workspace\8-2-build-windows-amd64-cygwin\jdk8u202\12323\hotspot\src\share\vm\prims\jvm.cpp, line 1502]
Event: 3.414 Thread 0x000000001828e000 Exception <a 'java/security/PrivilegedActionException'> (0x00000000e2fab130) thrown at [C:\re\workspace\8-2-build-windows-amd64-cygwin\jdk8u202\12323\hotspot\src\share\vm\prims\jvm.cpp, line 1502]
Event: 3.414 Thread 0x000000001828e000 Exception <a 'java/security/PrivilegedActionException'> (0x00000000e2fabae0) thrown at [C:\re\workspace\8-2-build-windows-amd64-cygwin\jdk8u202\12323\hotspot\src\share\vm\prims\jvm.cpp, line 1502]
Event: 3.414 Thread 0x000000001828e000 Exception <a 'java/security/PrivilegedActionException'> (0x00000000e2fae500) thrown at [C:\re\workspace\8-2-build-windows-amd64-cygwin\jdk8u202\12323\hotspot\src\share\vm\prims\jvm.cpp, line 1502]
Event: 3.414 Thread 0x000000001828e000 Exception <a 'java/security/PrivilegedActionException'> (0x00000000e2faeeb0) thrown at [C:\re\workspace\8-2-build-windows-amd64-cygwin\jdk8u202\12323\hotspot\src\share\vm\prims\jvm.cpp, line 1502]
Event: 3.416 Thread 0x000000001828e000 Exception <a 'java/lang/ClassNotFoundException': org/gradle/api/internal/project/DefaultProject_DecoratedBeanInfo> (0x00000000e2fc2c78) thrown at [C:\re\workspace\8-2-build-windows-amd64-cygwin\jdk8u202\12323\hotspot\src\share\vm\classfile\systemDictionar
Event: 3.416 Thread 0x000000001828e000 Exception <a 'java/lang/ClassNotFoundException': org/gradle/api/internal/project/DefaultProjectBeanInfo> (0x00000000e2ff3238) thrown at [C:\re\workspace\8-2-build-windows-amd64-cygwin\jdk8u202\12323\hotspot\src\share\vm\classfile\systemDictionary.cpp, lin
Event: 3.417 Thread 0x000000001828e000 Exception <a 'java/lang/ClassNotFoundException': org/gradle/api/internal/project/DefaultProjectCustomizer> (0x00000000e30251c0) thrown at [C:\re\workspace\8-2-build-windows-amd64-cygwin\jdk8u202\12323\hotspot\src\share\vm\classfile\systemDictionary.cpp, l
Event: 3.420 Thread 0x000000001828e000 Exception <a 'java/lang/ClassNotFoundException': org/gradle/api/internal/project/DefaultProject_DecoratedCustomizer> (0x00000000e312a1c8) thrown at [C:\re\workspace\8-2-build-windows-amd64-cygwin\jdk8u202\12323\hotspot\src\share\vm\classfile\systemDiction

Events (10 events):
Event: 3.462 loading class org/gradle/api/internal/tasks/DefaultTaskInputs
Event: 3.462 loading class org/gradle/api/internal/tasks/DefaultTaskInputs done
Event: 3.462 loading class org/gradle/api/internal/tasks/properties/PropertyVisitor
Event: 3.462 loading class org/gradle/api/internal/tasks/properties/PropertyVisitor done
Event: 3.463 loading class org/gradle/api/internal/tasks/ValidationActions
Event: 3.463 loading class org/gradle/api/internal/tasks/ValidationActions done
Event: 3.463 loading class org/gradle/api/internal/tasks/ValidationActions$1
Event: 3.463 loading class org/gradle/api/internal/tasks/ValidationActions$1 done
Event: 3.463 loading class org/gradle/api/internal/tasks/ValidationActions$2
Event: 3.463 loading class org/gradle/api/internal/tasks/ValidationActions$2 done


Dynamic libraries:
0x00007ff618600000 - 0x00007ff618637000 	C:\Program Files\Java\jdk1.8.0_202\bin\java.exe
0x00007ffce0c00000 - 0x00007ffce0df0000 	C:\WINDOWS\SYSTEM32\ntdll.dll
0x00007ffce0960000 - 0x00007ffce0a12000 	C:\WINDOWS\System32\KERNEL32.DLL
0x00007ffcddb90000 - 0x00007ffcdde33000 	C:\WINDOWS\System32\KERNELBASE.dll
0x00007ffce02b0000 - 0x00007ffce0353000 	C:\WINDOWS\System32\ADVAPI32.dll
0x00007ffcdecb0000 - 0x00007ffcded4e000 	C:\WINDOWS\System32\msvcrt.dll
0x00007ffce01a0000 - 0x00007ffce0237000 	C:\WINDOWS\System32\sechost.dll
0x00007ffcdf1a0000 - 0x00007ffcdf2c0000 	C:\WINDOWS\System32\RPCRT4.dll
0x00007ffce0a20000 - 0x00007ffce0bb4000 	C:\WINDOWS\System32\USER32.dll
0x00007ffcde090000 - 0x00007ffcde0b1000 	C:\WINDOWS\System32\win32u.dll
0x00007ffcdfaf0000 - 0x00007ffcdfb16000 	C:\WINDOWS\System32\GDI32.dll
0x00007ffcde940000 - 0x00007ffcdead4000 	C:\WINDOWS\System32\gdi32full.dll
0x00007ffcde0c0000 - 0x00007ffcde15e000 	C:\WINDOWS\System32\msvcp_win.dll
0x00007ffcddf40000 - 0x00007ffcde03a000 	C:\WINDOWS\System32\ucrtbase.dll
0x00007ffcc3850000 - 0x00007ffcc3ad5000 	C:\WINDOWS\WinSxS\amd64_microsoft.windows.common-controls_6595b64144ccf1df_6.0.18362.418_none_e6c6b287130d565d\COMCTL32.dll
0x00007ffce0620000 - 0x00007ffce0956000 	C:\WINDOWS\System32\combase.dll
0x00007ffcdec30000 - 0x00007ffcdecb0000 	C:\WINDOWS\System32\bcryptPrimitives.dll
0x00007ffcdf2c0000 - 0x00007ffcdf2ee000 	C:\WINDOWS\System32\IMM32.DLL
0x00000000685e0000 - 0x00000000686b2000 	C:\Program Files\Java\jdk1.8.0_202\jre\bin\msvcr100.dll
0x0000000067d30000 - 0x00000000685d5000 	C:\Program Files\Java\jdk1.8.0_202\jre\bin\server\jvm.dll
0x00007ffcdfa60000 - 0x00007ffcdfa68000 	C:\WINDOWS\System32\PSAPI.DLL
0x00007ffcdb2f0000 - 0x00007ffcdb314000 	C:\WINDOWS\SYSTEM32\WINMM.dll
0x00007ffca9940000 - 0x00007ffca9949000 	C:\WINDOWS\SYSTEM32\WSOCK32.dll
0x00007ffcdcc10000 - 0x00007ffcdcc1a000 	C:\WINDOWS\SYSTEM32\VERSION.dll
0x00007ffce0240000 - 0x00007ffce02af000 	C:\WINDOWS\System32\WS2_32.dll
0x00007ffcdb2c0000 - 0x00007ffcdb2ed000 	C:\WINDOWS\SYSTEM32\WINMMBASE.dll
0x00007ffcde040000 - 0x00007ffcde08a000 	C:\WINDOWS\System32\cfgmgr32.dll
0x00007ffcd9bb0000 - 0x00007ffcd9bbf000 	C:\Program Files\Java\jdk1.8.0_202\jre\bin\verify.dll
0x00007ffcacc90000 - 0x00007ffcaccb9000 	C:\Program Files\Java\jdk1.8.0_202\jre\bin\java.dll
0x00007ffcac880000 - 0x00007ffcac896000 	C:\Program Files\Java\jdk1.8.0_202\jre\bin\zip.dll
0x00007ffcdf370000 - 0x00007ffcdfa55000 	C:\WINDOWS\System32\SHELL32.dll
0x00007ffcdf040000 - 0x00007ffcdf0e9000 	C:\WINDOWS\System32\shcore.dll
0x00007ffcde160000 - 0x00007ffcde8df000 	C:\WINDOWS\System32\windows.storage.dll
0x00007ffcddb00000 - 0x00007ffcddb1f000 	C:\WINDOWS\System32\profapi.dll
0x00007ffcddb40000 - 0x00007ffcddb8a000 	C:\WINDOWS\System32\powrprof.dll
0x00007ffcddad0000 - 0x00007ffcddae0000 	C:\WINDOWS\System32\UMPDC.dll
0x00007ffcdfff0000 - 0x00007ffce0042000 	C:\WINDOWS\System32\shlwapi.dll
0x00007ffcddae0000 - 0x00007ffcddaf1000 	C:\WINDOWS\System32\kernel.appcore.dll
0x00007ffcdde40000 - 0x00007ffcdde57000 	C:\WINDOWS\System32\cryptsp.dll
0x00007ffcac860000 - 0x00007ffcac87a000 	C:\Program Files\Java\jdk1.8.0_202\jre\bin\net.dll
0x00007ffccfae0000 - 0x00007ffccfcb6000 	C:\WINDOWS\SYSTEM32\urlmon.dll
0x00007ffccf830000 - 0x00007ffccfad6000 	C:\WINDOWS\SYSTEM32\iertutil.dll
0x00007ffcdd410000 - 0x00007ffcdd41c000 	C:\WINDOWS\SYSTEM32\CRYPTBASE.DLL
0x00007ffcdd290000 - 0x00007ffcdd2f7000 	C:\WINDOWS\system32\mswsock.dll
0x00007ffcac840000 - 0x00007ffcac852000 	C:\Program Files\Java\jdk1.8.0_202\jre\bin\nio.dll
0x00007ffcacf40000 - 0x00007ffcacf5e000 	C:\Users\Shubham\.gradle\native\25\windows-amd64\native-platform.dll
0x00007ffcacc80000 - 0x00007ffcacc8d000 	C:\Program Files\Java\jdk1.8.0_202\jre\bin\management.dll
0x00007ffcdce10000 - 0x00007ffcdce43000 	C:\WINDOWS\system32\rsaenh.dll
0x00007ffcddf10000 - 0x00007ffcddf36000 	C:\WINDOWS\System32\bcrypt.dll
0x00007ffcdd9f0000 - 0x00007ffcdda15000 	C:\WINDOWS\SYSTEM32\USERENV.dll
0x00007ffcdcfb0000 - 0x00007ffcdcfea000 	C:\WINDOWS\SYSTEM32\IPHLPAPI.DLL
0x00007ffce0610000 - 0x00007ffce0618000 	C:\WINDOWS\System32\NSI.dll
0x00007ffcd5350000 - 0x00007ffcd5366000 	C:\WINDOWS\SYSTEM32\dhcpcsvc6.DLL
0x00007ffcd5330000 - 0x00007ffcd534c000 	C:\WINDOWS\SYSTEM32\dhcpcsvc.DLL
0x00007ffcdcff0000 - 0x00007ffcdd0ba000 	C:\WINDOWS\SYSTEM32\DNSAPI.dll

VM Arguments:
jvm_args: -Xmx1536m -Dfile.encoding=windows-1252 -Duser.country=US -Duser.language=en -Duser.variant 
java_command: org.gradle.launcher.daemon.bootstrap.GradleDaemon 4.10.1
java_class_path (initial): C:\Users\Shubham\.gradle\wrapper\dists\gradle-4.10.1-all\455itskqi2qtf0v2sja68alqd\gradle-4.10.1\lib\gradle-launcher-4.10.1.jar
Launcher Type: SUN_STANDARD

Environment Variables:
JAVA_HOME=C:\Program Files\AdoptOpenJDK\jdk-12.0.2.10-openj9\
PATH=C:\ProgramData\DockerDesktop\version-bin;C:\Program Files\Docker\Docker\Resources\bin;C:\Program Files\AdoptOpenJDK\jdk-12.0.2.10-openj9\bin;C:\Program Files (x86)\Common Files\Oracle\Java\javapath;C:\oraclexe\app\oracle\product\11.2.0\server\bin;C:\Program Files (x86)\Intel\Intel(R) Management Engine Components\iCLS\;C:\Program Files\Intel\Intel(R) Management Engine Components\iCLS\;C:\WINDOWS\system32;C:\WINDOWS;C:\WINDOWS\System32\Wbem;C:\WINDOWS\System32\WindowsPowerShell\v1.0\;C:\WINDOWS\System32\OpenSSH\;C:\Program Files\Microsoft VS Code\bin;C:\Program Files\Java\jdk-10.0.2\bin;C:\Program Files (x86)\Intel\Intel(R) Management Engine Components\DAL;C:\Program Files\Intel\Intel(R) Management Engine Components\DAL;C:\Program Files (x86)\Intel\Intel(R) Management Engine Components\IPT;C:\Program Files\Intel\Intel(R) Management Engine Components\IPT;C:\Program Files (x86)\PharosSystems\Core;C:\Program Files\Git\cmd;C:\Program Files\PuTTY\;C:\Users\Shubham\Miniconda3;C:\Users\Shubham\Miniconda3\Library\mingw-w64\bin;C:\Users\Shubham\Miniconda3\Library\usr\bin;C:\Users\Shubham\Miniconda3\Library\bin;C:\Users\Shubham\Miniconda3\Scripts;C:\Users\Shubham\AppData\Local\Microsoft\WindowsApps;C:\Program Files\Java\jdk1.8.0_202\bin;C:\Program Files\heroku\bin
USERNAME=Shubham
OS=Windows_NT
PROCESSOR_IDENTIFIER=Intel64 Family 6 Model 142 Stepping 10, GenuineIntel



---------------  S Y S T E M  ---------------

OS: Windows 10.0 , 64 bit Build 18362 (10.0.18362.329)

CPU:total 8 (initial active 8) (4 cores per cpu, 2 threads per core) family 6 model 142 stepping 10, cmov, cx8, fxsr, mmx, sse, sse2, sse3, ssse3, sse4.1, sse4.2, popcnt, avx, avx2, aes, clmul, erms, 3dnowpref, lzcnt, ht, tsc, tscinvbit, bmi1, bmi2, adx

Memory: 4k page, physical 8260324k(472148k free), swap 10210020k(5496k free)

vm_info: Java HotSpot(TM) 64-Bit Server VM (25.202-b08) for windows-amd64 JRE (1.8.0_202-b08), built on Dec 15 2018 19:54:30 by "java_re" with MS VC++ 10.0 (VS2010)

time: Sun Nov 10 14:08:21 2019
timezone: Eastern Standard Time
elapsed time: 3 seconds (0d 0h 0m 3s)

