#
# There is insufficient memory for the Java Runtime Environment to continue.
# Native memory allocation (malloc) failed to allocate 520592 bytes for Chunk::new
# Possible reasons:
#   The system is out of physical RAM or swap space
#   The process is running with CompressedOops enabled, and the Java Heap may be blocking the growth of the native heap
# Possible solutions:
#   Reduce memory load on the system
#   Increase physical memory or swap space
#   Check if swap backing store is full
#   Decrease Java heap size (-Xmx/-Xms)
#   Decrease number of Java threads
#   Decrease Java thread stack sizes (-Xss)
#   Set larger code cache with -XX:ReservedCodeCacheSize=
#   JVM is running with Unscaled Compressed Oops mode in which the Java heap is
#     placed in the first 4GB address space. The Java Heap base address is the
#     maximum limit for the native heap growth. Please use -XX:HeapBaseMinAddress
#     to set the Java Heap base and to place the Java Heap above 4GB virtual address.
# This output file may be truncated or incomplete.
#
#  Out of Memory Error (allocation.cpp:389), pid=14888, tid=0x00000000000038c0
#
# JRE version: Java(TM) SE Runtime Environment (8.0_202-b08) (build 1.8.0_202-b08)
# Java VM: Java HotSpot(TM) 64-Bit Server VM (25.202-b08 mixed mode windows-amd64 compressed oops)
# Failed to write core dump. Minidumps are not enabled by default on client versions of Windows
#

---------------  T H R E A D  ---------------

Current thread (0x0000000018111000):  JavaThread "C2 CompilerThread2" daemon [_thread_in_native, id=14528, stack(0x0000000018be0000,0x0000000018ce0000)]

Stack: [0x0000000018be0000,0x0000000018ce0000]
[error occurred during error reporting (printing stack bounds), id 0xc0000005]

Native frames: (J=compiled Java code, j=interpreted, Vv=VM code, C=native code)


Current CompileTask:
C2: 120587 9851 %     4       org.apache.ivy.core.IvyPatternHelper::substituteTokens @ 83 (638 bytes)


---------------  P R O C E S S  ---------------

Java Threads: ( => current thread )
  0x000000001fd7e800 JavaThread "Cache worker for Build Output Cleanup Cache (C:\Users\Shubham\IdeaProjects\YelpSearchAndroidApp\.gradle\buildOutputCleanup)" [_thread_blocked, id=7708, stack(0x0000000026350000,0x0000000026450000)]
  0x000000001fd85000 JavaThread "Cache worker for task history cache (C:\Users\Shubham\IdeaProjects\YelpSearchAndroidApp\.gradle\4.10.1\taskHistory)" [_thread_blocked, id=788, stack(0x0000000026250000,0x0000000026350000)]
  0x000000001fd84800 JavaThread "Task worker for ':' Thread 7" [_thread_blocked, id=2476, stack(0x0000000025b50000,0x0000000025c50000)]
  0x000000001fd83800 JavaThread "Task worker for ':' Thread 6" [_thread_blocked, id=14284, stack(0x0000000025700000,0x0000000025800000)]
  0x000000001fd7c000 JavaThread "Task worker for ':' Thread 5" [_thread_blocked, id=6936, stack(0x0000000025600000,0x0000000025700000)]
  0x000000001fd7d800 JavaThread "Task worker for ':' Thread 4" [_thread_blocked, id=15828, stack(0x0000000025500000,0x0000000025600000)]
  0x000000001fd7d000 JavaThread "Task worker for ':' Thread 3" [_thread_blocked, id=11212, stack(0x0000000025400000,0x0000000025500000)]
  0x000000001fd80800 JavaThread "Task worker for ':' Thread 2" [_thread_blocked, id=16344, stack(0x0000000025300000,0x0000000025400000)]
  0x000000001ce5f800 JavaThread "Task worker for ':'" [_thread_in_Java, id=11524, stack(0x0000000025200000,0x0000000025300000)]
  0x000000001ce5f000 JavaThread "Cache worker for file content cache (C:\Users\Shubham\IdeaProjects\YelpSearchAndroidApp\.gradle\4.10.1\fileContent)" [_thread_blocked, id=1336, stack(0x0000000024f00000,0x0000000025000000)]
  0x000000001ce63800 JavaThread "Build operations Thread 8" [_thread_blocked, id=16152, stack(0x0000000024e00000,0x0000000024f00000)]
  0x000000001ce62000 JavaThread "Build operations Thread 7" [_thread_blocked, id=15536, stack(0x00000000229b0000,0x0000000022ab0000)]
  0x000000001ce65000 JavaThread "Build operations Thread 6" [_thread_blocked, id=5628, stack(0x00000000228b0000,0x00000000229b0000)]
  0x000000001ce61000 JavaThread "Build operations Thread 5" [_thread_blocked, id=12280, stack(0x00000000227b0000,0x00000000228b0000)]
  0x000000001ce62800 JavaThread "Build operations Thread 4" [_thread_blocked, id=4596, stack(0x00000000226b0000,0x00000000227b0000)]
  0x000000001ce60800 JavaThread "Build operations Thread 3" [_thread_blocked, id=4484, stack(0x00000000225b0000,0x00000000226b0000)]
  0x000000001ce5e000 JavaThread "Build operations Thread 2" [_thread_blocked, id=3140, stack(0x00000000224b0000,0x00000000225b0000)]
  0x000000001ce64000 JavaThread "Build operations" [_thread_blocked, id=1540, stack(0x0000000020de0000,0x0000000020ee0000)]
  0x000000001ce56800 JavaThread "Cache worker for cache directory md-rule (C:\Users\Shubham\.gradle\caches\4.10.1\md-rule)" [_thread_blocked, id=16288, stack(0x0000000020ce0000,0x0000000020de0000)]
  0x000000001ce56000 JavaThread "Cache worker for cache directory md-supplier (C:\Users\Shubham\.gradle\caches\4.10.1\md-supplier)" [_thread_blocked, id=16072, stack(0x000000001ddd0000,0x000000001ded0000)]
  0x000000001ce5c800 JavaThread "Cache worker for file hash cache (C:\Users\Shubham\IdeaProjects\YelpSearchAndroidApp\.gradle\4.10.1\fileHashes)" [_thread_blocked, id=7552, stack(0x000000001b930000,0x000000001ba30000)]
  0x000000001ce5b000 JavaThread "Stdin handler" [_thread_blocked, id=8452, stack(0x000000001b730000,0x000000001b830000)]
  0x000000001ce59800 JavaThread "Asynchronous log dispatcher for DefaultDaemonConnection: socket connection from /127.0.0.1:50866 to /127.0.0.1:50981" [_thread_blocked, id=5896, stack(0x000000001b630000,0x000000001b730000)]
  0x000000001ce57800 JavaThread "Daemon worker Thread 2" [_thread_blocked, id=3508, stack(0x000000001b130000,0x000000001b230000)]
  0x000000001ce5c000 JavaThread "Cancel handler" [_thread_blocked, id=11192, stack(0x0000000000920000,0x0000000000a20000)]
  0x000000001ce59000 JavaThread "Handler for socket connection from /127.0.0.1:50866 to /127.0.0.1:50981" [_thread_in_native, id=15532, stack(0x0000000000820000,0x0000000000920000)]
  0x000000001ce58000 JavaThread "Daemon Thread 2" [_thread_blocked, id=12568, stack(0x0000000000720000,0x0000000000820000)]
  0x000000001fd86000 JavaThread "Cache worker for Java compile cache (C:\Users\Shubham\.gradle\caches\4.10.1\javaCompile)" [_thread_blocked, id=15040, stack(0x0000000025a50000,0x0000000025b50000)]
  0x000000001fd83000 JavaThread "Cache worker for file content cache (C:\Users\Shubham\.gradle\caches\4.10.1\fileContent)" [_thread_blocked, id=14240, stack(0x00000000234c0000,0x00000000235c0000)]
  0x000000001fd7b800 JavaThread "Memory manager" [_thread_blocked, id=1824, stack(0x000000001f540000,0x000000001f640000)]
  0x000000001a598800 JavaThread "Cache worker for Artifact transforms cache (C:\Users\Shubham\.gradle\caches\transforms-1)" [_thread_blocked, id=11636, stack(0x000000001f1a0000,0x000000001f2a0000)]
  0x000000001a59d000 JavaThread "Cache worker for journal cache (C:\Users\Shubham\.gradle\caches\journal-1)" [_thread_blocked, id=13260, stack(0x000000001ded0000,0x000000001dfd0000)]
  0x000000001a59b800 JavaThread "File lock request listener" [_thread_in_native, id=13408, stack(0x000000001cd00000,0x000000001ce00000)]
  0x000000001a59e800 JavaThread "Cache worker for file hash cache (C:\Users\Shubham\.gradle\caches\4.10.1\fileHashes)" [_thread_blocked, id=10692, stack(0x000000001cc00000,0x000000001cd00000)]
  0x0000000019041800 JavaThread "Daemon periodic checks" [_thread_blocked, id=13064, stack(0x000000001b030000,0x000000001b130000)]
  0x000000001842c000 JavaThread "Incoming local TCP Connector on port 50866" [_thread_in_native, id=11788, stack(0x000000001adf0000,0x000000001aef0000)]
  0x000000001a423000 JavaThread "Daemon health stats" [_thread_blocked, id=3504, stack(0x000000001a7b0000,0x000000001a8b0000)]
  0x00000000181a2000 JavaThread "Service Thread" daemon [_thread_blocked, id=13116, stack(0x0000000018de0000,0x0000000018ee0000)]
  0x0000000018115800 JavaThread "C1 CompilerThread3" daemon [_thread_in_native, id=15284, stack(0x0000000018ce0000,0x0000000018de0000)]
=>0x0000000018111000 JavaThread "C2 CompilerThread2" daemon [_thread_in_native, id=14528, stack(0x0000000018be0000,0x0000000018ce0000)]
  0x000000001810e800 JavaThread "C2 CompilerThread1" daemon [_thread_in_native, id=14764, stack(0x0000000018ae0000,0x0000000018be0000)]
  0x000000001810a800 JavaThread "C2 CompilerThread0" daemon [_thread_in_native, id=9864, stack(0x00000000189e0000,0x0000000018ae0000)]
  0x0000000018108800 JavaThread "Attach Listener" daemon [_thread_blocked, id=16284, stack(0x00000000188e0000,0x00000000189e0000)]
  0x0000000018107000 JavaThread "Signal Dispatcher" daemon [_thread_blocked, id=5492, stack(0x00000000187e0000,0x00000000188e0000)]
  0x0000000002559000 JavaThread "Finalizer" daemon [_thread_blocked, id=13148, stack(0x00000000185e0000,0x00000000186e0000)]
  0x000000001631d800 JavaThread "Reference Handler" daemon [_thread_blocked, id=14136, stack(0x00000000184e0000,0x00000000185e0000)]
  0x0000000002462800 JavaThread "main" [_thread_blocked, id=15880, stack(0x0000000002300000,0x0000000002400000)]

Other Threads:
  0x0000000016319000 VMThread [stack: 0x0000000017fe0000,0x00000000180e0000] [id=7508]
  0x00000000181d3000 WatcherThread [stack: 0x0000000018ee0000,0x0000000018fe0000] [id=10124]

VM state:not at safepoint (normal execution)

VM Mutex/Monitor currently owned by a thread: None

heap address: 0x00000000a0000000, size: 1536 MB, Compressed Oops mode: 32-bit
Narrow klass base: 0x0000000000000000, Narrow klass shift: 3
Compressed class space size: 1073741824 Address: 0x0000000100000000

Heap:
 PSYoungGen      total 224256K, used 126735K [0x00000000e0000000, 0x00000000ef880000, 0x0000000100000000)
  eden space 203776K, 52% used [0x00000000e0000000,0x00000000e67c40c0,0x00000000ec700000)
  from space 20480K, 99% used [0x00000000ee480000,0x00000000ef87ff10,0x00000000ef880000)
  to   space 24064K, 0% used [0x00000000ec980000,0x00000000ec980000,0x00000000ee100000)
 ParOldGen       total 142336K, used 37888K [0x00000000a0000000, 0x00000000a8b00000, 0x00000000e0000000)
  object space 142336K, 26% used [0x00000000a0000000,0x00000000a25002f0,0x00000000a8b00000)
 Metaspace       used 75954K, capacity 79064K, committed 79232K, reserved 1118208K
  class space    used 10435K, capacity 11090K, committed 11136K, reserved 1048576K

Card table byte_map: [0x0000000011920000,0x0000000011c30000] byte_map_base: 0x0000000011420000

Marking Bits: (ParMarkBitMap*) 0x0000000068555ce0
 Begin Bits: [0x0000000012630000, 0x0000000013e30000)
 End Bits:   [0x0000000013e30000, 0x0000000015630000)

Polling page: 0x0000000000540000

CodeCache: size=245760Kb used=26174Kb max_used=26174Kb free=219585Kb
 bounds [0x0000000002560000, 0x0000000003f20000, 0x0000000011560000]
 total_blobs=9281 nmethods=8421 adapters=768
 compilation: enabled

Compilation events (10 events):
Event: 120.579 Thread 0x000000001810a800 9905   !   4       org.gradle.internal.concurrent.ExecutorPolicy$CatchAndRecordFailures::onExecute (29 bytes)
Event: 120.581 Thread 0x000000001810a800 nmethod 9905 0x0000000003efa250 code [0x0000000003efa3c0, 0x0000000003efa518]
Event: 120.584 Thread 0x0000000018115800 9906       3       org.gradle.api.internal.artifacts.configurations.DefaultConfiguration::runDependencyActions (78 bytes)
Event: 120.584 Thread 0x0000000018115800 nmethod 9906 0x0000000003ef9290 code [0x0000000003ef94a0, 0x0000000003ef9ef8]
Event: 120.585 Thread 0x0000000018115800 9907       3       org.gradle.api.internal.artifacts.ivyservice.ivyresolve.BaseModuleComponentRepository::getName (10 bytes)
Event: 120.585 Thread 0x0000000018115800 nmethod 9907 0x0000000003efb750 code [0x0000000003efb8c0, 0x0000000003efbae8]
Event: 120.585 Thread 0x000000001810e800 9908       4       java.net.URI::access$300 (7 bytes)
Event: 120.586 Thread 0x0000000018115800 9909       3       java.util.Collections::eq (22 bytes)
Event: 120.586 Thread 0x0000000018115800 nmethod 9909 0x0000000003efb290 code [0x0000000003efb400, 0x0000000003efb6a8]
Event: 120.586 Thread 0x000000001810e800 nmethod 9908 0x0000000003efafd0 code [0x0000000003efb100, 0x0000000003efb1b8]

GC Heap History (10 events):
Event: 3.515 GC heap before
{Heap before GC invocations=9 (full 2):
 PSYoungGen      total 141312K, used 10726K [0x00000000e0000000, 0x00000000ec580000, 0x0000000100000000)
  eden space 130560K, 0% used [0x00000000e0000000,0x00000000e0000000,0x00000000e7f80000)
  from space 10752K, 99% used [0x00000000e7f80000,0x00000000e89f9ae0,0x00000000e8a00000)
  to   space 13312K, 0% used [0x00000000eb880000,0x00000000eb880000,0x00000000ec580000)
 ParOldGen       total 60416K, used 11747K [0x00000000a0000000, 0x00000000a3b00000, 0x00000000e0000000)
  object space 60416K, 19% used [0x00000000a0000000,0x00000000a0b78d70,0x00000000a3b00000)
 Metaspace       used 34835K, capacity 35388K, committed 35456K, reserved 1079296K
  class space    used 4982K, capacity 5194K, committed 5248K, reserved 1048576K
Event: 3.559 GC heap after
Heap after GC invocations=9 (full 2):
 PSYoungGen      total 141312K, used 0K [0x00000000e0000000, 0x00000000ec580000, 0x0000000100000000)
  eden space 130560K, 0% used [0x00000000e0000000,0x00000000e0000000,0x00000000e7f80000)
  from space 10752K, 0% used [0x00000000e7f80000,0x00000000e7f80000,0x00000000e8a00000)
  to   space 13312K, 0% used [0x00000000eb880000,0x00000000eb880000,0x00000000ec580000)
 ParOldGen       total 95744K, used 19429K [0x00000000a0000000, 0x00000000a5d80000, 0x00000000e0000000)
  object space 95744K, 20% used [0x00000000a0000000,0x00000000a12f9428,0x00000000a5d80000)
 Metaspace       used 34835K, capacity 35388K, committed 35456K, reserved 1079296K
  class space    used 4982K, capacity 5194K, committed 5248K, reserved 1048576K
}
Event: 4.859 GC heap before
{Heap before GC invocations=10 (full 2):
 PSYoungGen      total 141312K, used 130560K [0x00000000e0000000, 0x00000000ec580000, 0x0000000100000000)
  eden space 130560K, 100% used [0x00000000e0000000,0x00000000e7f80000,0x00000000e7f80000)
  from space 10752K, 0% used [0x00000000e7f80000,0x00000000e7f80000,0x00000000e8a00000)
  to   space 13312K, 0% used [0x00000000eb880000,0x00000000eb880000,0x00000000ec580000)
 ParOldGen       total 95744K, used 19429K [0x00000000a0000000, 0x00000000a5d80000, 0x00000000e0000000)
  object space 95744K, 20% used [0x00000000a0000000,0x00000000a12f9428,0x00000000a5d80000)
 Metaspace       used 47035K, capacity 47908K, committed 48128K, reserved 1091584K
  class space    used 6580K, capacity 6895K, committed 6912K, reserved 1048576K
Event: 4.871 GC heap after
Heap after GC invocations=10 (full 2):
 PSYoungGen      total 186368K, used 13304K [0x00000000e0000000, 0x00000000ed200000, 0x0000000100000000)
  eden space 173056K, 0% used [0x00000000e0000000,0x00000000e0000000,0x00000000ea900000)
  from space 13312K, 99% used [0x00000000eb880000,0x00000000ec57e138,0x00000000ec580000)
  to   space 15872K, 0% used [0x00000000ea900000,0x00000000ea900000,0x00000000eb880000)
 ParOldGen       total 95744K, used 21179K [0x00000000a0000000, 0x00000000a5d80000, 0x00000000e0000000)
  object space 95744K, 22% used [0x00000000a0000000,0x00000000a14aed30,0x00000000a5d80000)
 Metaspace       used 47035K, capacity 47908K, committed 48128K, reserved 1091584K
  class space    used 6580K, capacity 6895K, committed 6912K, reserved 1048576K
}
Event: 6.714 GC heap before
{Heap before GC invocations=11 (full 2):
 PSYoungGen      total 186368K, used 174563K [0x00000000e0000000, 0x00000000ed200000, 0x0000000100000000)
  eden space 173056K, 93% used [0x00000000e0000000,0x00000000e9d7adb0,0x00000000ea900000)
  from space 13312K, 99% used [0x00000000eb880000,0x00000000ec57e138,0x00000000ec580000)
  to   space 15872K, 0% used [0x00000000ea900000,0x00000000ea900000,0x00000000eb880000)
 ParOldGen       total 95744K, used 21179K [0x00000000a0000000, 0x00000000a5d80000, 0x00000000e0000000)
  object space 95744K, 22% used [0x00000000a0000000,0x00000000a14aed30,0x00000000a5d80000)
 Metaspace       used 57308K, capacity 58940K, committed 59096K, reserved 1099776K
  class space    used 8098K, capacity 8495K, committed 8576K, reserved 1048576K
Event: 6.734 GC heap after
Heap after GC invocations=11 (full 2):
 PSYoungGen      total 188928K, used 15853K [0x00000000e0000000, 0x00000000ef880000, 0x0000000100000000)
  eden space 173056K, 0% used [0x00000000e0000000,0x00000000e0000000,0x00000000ea900000)
  from space 15872K, 99% used [0x00000000ea900000,0x00000000eb87b7f0,0x00000000eb880000)
  to   space 20480K, 0% used [0x00000000ee480000,0x00000000ee480000,0x00000000ef880000)
 ParOldGen       total 95744K, used 27684K [0x00000000a0000000, 0x00000000a5d80000, 0x00000000e0000000)
  object space 95744K, 28% used [0x00000000a0000000,0x00000000a1b09130,0x00000000a5d80000)
 Metaspace       used 57308K, capacity 58940K, committed 59096K, reserved 1099776K
  class space    used 8098K, capacity 8495K, committed 8576K, reserved 1048576K
}
Event: 6.734 GC heap before
{Heap before GC invocations=12 (full 3):
 PSYoungGen      total 188928K, used 15853K [0x00000000e0000000, 0x00000000ef880000, 0x0000000100000000)
  eden space 173056K, 0% used [0x00000000e0000000,0x00000000e0000000,0x00000000ea900000)
  from space 15872K, 99% used [0x00000000ea900000,0x00000000eb87b7f0,0x00000000eb880000)
  to   space 20480K, 0% used [0x00000000ee480000,0x00000000ee480000,0x00000000ef880000)
 ParOldGen       total 95744K, used 27684K [0x00000000a0000000, 0x00000000a5d80000, 0x00000000e0000000)
  object space 95744K, 28% used [0x00000000a0000000,0x00000000a1b09130,0x00000000a5d80000)
 Metaspace       used 57308K, capacity 58940K, committed 59096K, reserved 1099776K
  class space    used 8098K, capacity 8495K, committed 8576K, reserved 1048576K
Event: 6.863 GC heap after
Heap after GC invocations=12 (full 3):
 PSYoungGen      total 188928K, used 0K [0x00000000e0000000, 0x00000000ef880000, 0x0000000100000000)
  eden space 173056K, 0% used [0x00000000e0000000,0x00000000e0000000,0x00000000ea900000)
  from space 15872K, 0% used [0x00000000ea900000,0x00000000ea900000,0x00000000eb880000)
  to   space 20480K, 0% used [0x00000000ee480000,0x00000000ee480000,0x00000000ef880000)
 ParOldGen       total 142336K, used 35610K [0x00000000a0000000, 0x00000000a8b00000, 0x00000000e0000000)
  object space 142336K, 25% used [0x00000000a0000000,0x00000000a22c6908,0x00000000a8b00000)
 Metaspace       used 57308K, capacity 58940K, committed 59096K, reserved 1099776K
  class space    used 8098K, capacity 8495K, committed 8576K, reserved 1048576K
}
Event: 10.397 GC heap before
{Heap before GC invocations=13 (full 3):
 PSYoungGen      total 188928K, used 173056K [0x00000000e0000000, 0x00000000ef880000, 0x0000000100000000)
  eden space 173056K, 100% used [0x00000000e0000000,0x00000000ea900000,0x00000000ea900000)
  from space 15872K, 0% used [0x00000000ea900000,0x00000000ea900000,0x00000000eb880000)
  to   space 20480K, 0% used [0x00000000ee480000,0x00000000ee480000,0x00000000ef880000)
 ParOldGen       total 142336K, used 35610K [0x00000000a0000000, 0x00000000a8b00000, 0x00000000e0000000)
  object space 142336K, 25% used [0x00000000a0000000,0x00000000a22c6908,0x00000000a8b00000)
 Metaspace       used 70876K, capacity 73704K, committed 73728K, reserved 1112064K
  class space    used 9880K, capacity 10488K, committed 10496K, reserved 1048576K
Event: 10.415 GC heap after
Heap after GC invocations=13 (full 3):
 PSYoungGen      total 224256K, used 20479K [0x00000000e0000000, 0x00000000ef880000, 0x0000000100000000)
  eden space 203776K, 0% used [0x00000000e0000000,0x00000000e0000000,0x00000000ec700000)
  from space 20480K, 99% used [0x00000000ee480000,0x00000000ef87ff10,0x00000000ef880000)
  to   space 24064K, 0% used [0x00000000ec980000,0x00000000ec980000,0x00000000ee100000)
 ParOldGen       total 142336K, used 37888K [0x00000000a0000000, 0x00000000a8b00000, 0x00000000e0000000)
  object space 142336K, 26% used [0x00000000a0000000,0x00000000a25002f0,0x00000000a8b00000)
 Metaspace       used 70876K, capacity 73704K, committed 73728K, reserved 1112064K
  class space    used 9880K, capacity 10488K, committed 10496K, reserved 1048576K
}

Deoptimization events (10 events):
Event: 11.101 Thread 0x0000000019150000 Uncommon trap: reason=unstable_if action=reinterpret pc=0x0000000002f9e358 method=com.esotericsoftware.kryo.io.Input.require(I)I @ 117
Event: 11.455 Thread 0x0000000019041800 Uncommon trap: reason=speculate_class_check action=maybe_recompile pc=0x0000000003928858 method=java.util.AbstractList.listIterator()Ljava/util/ListIterator; @ 2
Event: 21.444 Thread 0x0000000019041800 Uncommon trap: reason=speculate_class_check action=maybe_recompile pc=0x0000000003928858 method=java.util.AbstractList.listIterator()Ljava/util/ListIterator; @ 2
Event: 31.451 Thread 0x0000000019041800 Uncommon trap: reason=speculate_class_check action=maybe_recompile pc=0x0000000003928858 method=java.util.AbstractList.listIterator()Ljava/util/ListIterator; @ 2
Event: 41.439 Thread 0x0000000019041800 Uncommon trap: reason=bimorphic action=maybe_recompile pc=0x000000000290107c method=java.util.HashMap.removeNode(ILjava/lang/Object;Ljava/lang/Object;ZZ)Ljava/util/HashMap$Node; @ 283
Event: 41.439 Thread 0x0000000019041800 Uncommon trap: reason=bimorphic action=maybe_recompile pc=0x000000000290107c method=java.util.HashMap.removeNode(ILjava/lang/Object;Ljava/lang/Object;ZZ)Ljava/util/HashMap$Node; @ 283
Event: 41.442 Thread 0x0000000019041800 Uncommon trap: reason=speculate_class_check action=maybe_recompile pc=0x0000000003928858 method=java.util.AbstractList.listIterator()Ljava/util/ListIterator; @ 2
Event: 120.171 Thread 0x000000001ce57800 Uncommon trap: reason=unstable_if action=reinterpret pc=0x0000000002b0dc58 method=com.google.common.collect.MapMakerInternalMap$Segment.getEntry(Ljava/lang/Object;I)Lcom/google/common/collect/MapMakerInternalMap$ReferenceEntry; @ 4
Event: 120.238 Thread 0x000000001ce57800 Uncommon trap: reason=unstable_if action=reinterpret pc=0x0000000003c7004c method=java.util.concurrent.ConcurrentHashMap.get(Ljava/lang/Object;)Ljava/lang/Object; @ 76
Event: 120.542 Thread 0x000000001ce62000 Uncommon trap: reason=unstable_if action=reinterpret pc=0x00000000038a6674 method=java.util.concurrent.ConcurrentLinkedQueue.offer(Ljava/lang/Object;)Z @ 91

Classes redefined (0 events):
No events

Internal exceptions (10 events):
Event: 10.639 Thread 0x000000001fd8a800 Exception <a 'java/lang/NoSuchMethodError': java.lang.Object.lambda$or$2(Ljava/util/function/Predicate;Ljava/lang/Object;)Z> (0x00000000e15cf840) thrown at [C:\re\workspace\8-2-build-windows-amd64-cygwin\jdk8u202\12323\hotspot\src\share\vm\interpreter\lin
Event: 10.641 Thread 0x000000001fd8a800 Exception <a 'java/lang/NoSuchMethodError': java.lang.Object.lambda$comparing$ea9a8b3a$1(Ljava/util/Comparator;Ljava/util/function/Function;Ljava/lang/Object;Ljava/lang/Object;)I> (0x00000000e15e3a00) thrown at [C:\re\workspace\8-2-build-windows-amd64-cyg
Event: 11.087 Thread 0x0000000019153000 Exception <a 'java/lang/NoSuchMethodError': <clinit>> (0x00000000e44fc850) thrown at [C:\re\workspace\8-2-build-windows-amd64-cygwin\jdk8u202\12323\hotspot\src\share\vm\prims\jni.cpp, line 1614]
Event: 11.088 Thread 0x0000000019153000 Exception <a 'java/lang/NoSuchMethodError': <clinit>> (0x00000000e4508a18) thrown at [C:\re\workspace\8-2-build-windows-amd64-cygwin\jdk8u202\12323\hotspot\src\share\vm\prims\jni.cpp, line 1614]
Event: 11.089 Thread 0x0000000019153000 Exception <a 'java/lang/NoSuchMethodError': <clinit>> (0x00000000e4513520) thrown at [C:\re\workspace\8-2-build-windows-amd64-cygwin\jdk8u202\12323\hotspot\src\share\vm\prims\jni.cpp, line 1614]
Event: 11.090 Thread 0x0000000019153000 Exception <a 'java/lang/NoSuchMethodError': <clinit>> (0x00000000e451cd48) thrown at [C:\re\workspace\8-2-build-windows-amd64-cygwin\jdk8u202\12323\hotspot\src\share\vm\prims\jni.cpp, line 1614]
Event: 11.091 Thread 0x0000000019153000 Exception <a 'java/lang/NoSuchMethodError': <clinit>> (0x00000000e4538c30) thrown at [C:\re\workspace\8-2-build-windows-amd64-cygwin\jdk8u202\12323\hotspot\src\share\vm\prims\jni.cpp, line 1614]
Event: 11.092 Thread 0x0000000019153000 Exception <a 'java/lang/NoSuchMethodError': <clinit>> (0x00000000e45491e0) thrown at [C:\re\workspace\8-2-build-windows-amd64-cygwin\jdk8u202\12323\hotspot\src\share\vm\prims\jni.cpp, line 1614]
Event: 11.093 Thread 0x0000000019153000 Exception <a 'java/lang/NoSuchMethodError': <clinit>> (0x00000000e454dc58) thrown at [C:\re\workspace\8-2-build-windows-amd64-cygwin\jdk8u202\12323\hotspot\src\share\vm\prims\jni.cpp, line 1614]
Event: 120.301 Thread 0x000000001ce57800 Exception <a 'sun/nio/fs/WindowsException'> (0x00000000e5515930) thrown at [C:\re\workspace\8-2-build-windows-amd64-cygwin\jdk8u202\12323\hotspot\src\share\vm\prims\jni.cpp, line 710]

Events (10 events):
Event: 120.527 Executing VM operation: RevokeBias done
Event: 120.532 Thread 0x0000000018115800 flushing nmethod 0x0000000002900a90
Event: 120.532 Thread 0x0000000018115800 flushing nmethod 0x000000000290fad0
Event: 120.532 Thread 0x0000000018115800 flushing nmethod 0x0000000002916390
Event: 120.532 Thread 0x0000000018115800 flushing nmethod 0x0000000002997dd0
Event: 120.535 Thread 0x000000001810a800 flushing nmethod 0x0000000002b95550
Event: 120.541 Thread 0x000000001ce62000 Uncommon trap: trap_request=0xffffff65 fr.pc=0x00000000038a6674
Event: 120.542 Thread 0x000000001ce62000 DEOPT PACKING pc=0x00000000038a6674 sp=0x0000000022aae2e0
Event: 120.542 Thread 0x000000001ce62000 DEOPT UNPACKING pc=0x00000000025a583b sp=0x0000000022aae168 mode 2
Event: 120.574 Thread 0x0000000018115800 flushing nmethod 0x00000000039285d0


Dynamic libraries:
0x00007ff618600000 - 0x00007ff618637000 	C:\Program Files\Java\jdk1.8.0_202\bin\java.exe
0x00007ffce0c00000 - 0x00007ffce0df0000 	C:\WINDOWS\SYSTEM32\ntdll.dll
0x00007ffce0960000 - 0x00007ffce0a12000 	C:\WINDOWS\System32\KERNEL32.DLL
0x00007ffcddb90000 - 0x00007ffcdde33000 	C:\WINDOWS\System32\KERNELBASE.dll
0x00007ffce02b0000 - 0x00007ffce0353000 	C:\WINDOWS\System32\ADVAPI32.dll
0x00007ffcdecb0000 - 0x00007ffcded4e000 	C:\WINDOWS\System32\msvcrt.dll
0x00007ffce01a0000 - 0x00007ffce0237000 	C:\WINDOWS\System32\sechost.dll
0x00007ffcdf1a0000 - 0x00007ffcdf2c0000 	C:\WINDOWS\System32\RPCRT4.dll
0x00007ffce0a20000 - 0x00007ffce0bb4000 	C:\WINDOWS\System32\USER32.dll
0x00007ffcde090000 - 0x00007ffcde0b1000 	C:\WINDOWS\System32\win32u.dll
0x00007ffcdfaf0000 - 0x00007ffcdfb16000 	C:\WINDOWS\System32\GDI32.dll
0x00007ffcde940000 - 0x00007ffcdead4000 	C:\WINDOWS\System32\gdi32full.dll
0x00007ffcde0c0000 - 0x00007ffcde15e000 	C:\WINDOWS\System32\msvcp_win.dll
0x00007ffcddf40000 - 0x00007ffcde03a000 	C:\WINDOWS\System32\ucrtbase.dll
0x00007ffcc3850000 - 0x00007ffcc3ad5000 	C:\WINDOWS\WinSxS\amd64_microsoft.windows.common-controls_6595b64144ccf1df_6.0.18362.418_none_e6c6b287130d565d\COMCTL32.dll
0x00007ffce0620000 - 0x00007ffce0956000 	C:\WINDOWS\System32\combase.dll
0x00007ffcdec30000 - 0x00007ffcdecb0000 	C:\WINDOWS\System32\bcryptPrimitives.dll
0x00007ffcdf2c0000 - 0x00007ffcdf2ee000 	C:\WINDOWS\System32\IMM32.DLL
0x00000000685e0000 - 0x00000000686b2000 	C:\Program Files\Java\jdk1.8.0_202\jre\bin\msvcr100.dll
0x0000000067d30000 - 0x00000000685d5000 	C:\Program Files\Java\jdk1.8.0_202\jre\bin\server\jvm.dll
0x00007ffcdfa60000 - 0x00007ffcdfa68000 	C:\WINDOWS\System32\PSAPI.DLL
0x00007ffcdcc10000 - 0x00007ffcdcc1a000 	C:\WINDOWS\SYSTEM32\VERSION.dll
0x00007ffca9940000 - 0x00007ffca9949000 	C:\WINDOWS\SYSTEM32\WSOCK32.dll
0x00007ffcdb2f0000 - 0x00007ffcdb314000 	C:\WINDOWS\SYSTEM32\WINMM.dll
0x00007ffce0240000 - 0x00007ffce02af000 	C:\WINDOWS\System32\WS2_32.dll
0x00007ffcdb2c0000 - 0x00007ffcdb2ed000 	C:\WINDOWS\SYSTEM32\WINMMBASE.dll
0x00007ffcde040000 - 0x00007ffcde08a000 	C:\WINDOWS\System32\cfgmgr32.dll
0x00007ffcd9e50000 - 0x00007ffcd9e5f000 	C:\Program Files\Java\jdk1.8.0_202\jre\bin\verify.dll
0x00007ffcd5810000 - 0x00007ffcd5839000 	C:\Program Files\Java\jdk1.8.0_202\jre\bin\java.dll
0x00007ffcd5020000 - 0x00007ffcd5036000 	C:\Program Files\Java\jdk1.8.0_202\jre\bin\zip.dll
0x00007ffcdf370000 - 0x00007ffcdfa55000 	C:\WINDOWS\System32\SHELL32.dll
0x00007ffcdf040000 - 0x00007ffcdf0e9000 	C:\WINDOWS\System32\shcore.dll
0x00007ffcde160000 - 0x00007ffcde8df000 	C:\WINDOWS\System32\windows.storage.dll
0x00007ffcddb00000 - 0x00007ffcddb1f000 	C:\WINDOWS\System32\profapi.dll
0x00007ffcddb40000 - 0x00007ffcddb8a000 	C:\WINDOWS\System32\powrprof.dll
0x00007ffcddad0000 - 0x00007ffcddae0000 	C:\WINDOWS\System32\UMPDC.dll
0x00007ffcdfff0000 - 0x00007ffce0042000 	C:\WINDOWS\System32\shlwapi.dll
0x00007ffcddae0000 - 0x00007ffcddaf1000 	C:\WINDOWS\System32\kernel.appcore.dll
0x00007ffcdde40000 - 0x00007ffcdde57000 	C:\WINDOWS\System32\cryptsp.dll
0x00007ffcd5000000 - 0x00007ffcd501a000 	C:\Program Files\Java\jdk1.8.0_202\jre\bin\net.dll
0x00007ffccfae0000 - 0x00007ffccfcb6000 	C:\WINDOWS\SYSTEM32\urlmon.dll
0x00007ffccf830000 - 0x00007ffccfad6000 	C:\WINDOWS\SYSTEM32\iertutil.dll
0x00007ffcdd410000 - 0x00007ffcdd41c000 	C:\WINDOWS\SYSTEM32\CRYPTBASE.DLL
0x00007ffcdd290000 - 0x00007ffcdd2f7000 	C:\WINDOWS\system32\mswsock.dll
0x00007ffcd4fe0000 - 0x00007ffcd4ff2000 	C:\Program Files\Java\jdk1.8.0_202\jre\bin\nio.dll
0x00007ffcacf40000 - 0x00007ffcacf5e000 	C:\Users\Shubham\.gradle\native\25\windows-amd64\native-platform.dll
0x00007ffcd9e40000 - 0x00007ffcd9e4d000 	C:\Program Files\Java\jdk1.8.0_202\jre\bin\management.dll
0x00007ffcdce10000 - 0x00007ffcdce43000 	C:\WINDOWS\system32\rsaenh.dll
0x00007ffcddf10000 - 0x00007ffcddf36000 	C:\WINDOWS\System32\bcrypt.dll
0x00007ffcdd9f0000 - 0x00007ffcdda15000 	C:\WINDOWS\SYSTEM32\USERENV.dll
0x00007ffcdcfb0000 - 0x00007ffcdcfea000 	C:\WINDOWS\SYSTEM32\IPHLPAPI.DLL
0x00007ffce0610000 - 0x00007ffce0618000 	C:\WINDOWS\System32\NSI.dll
0x00007ffcd5350000 - 0x00007ffcd5366000 	C:\WINDOWS\SYSTEM32\dhcpcsvc6.DLL
0x00007ffcd5330000 - 0x00007ffcd534c000 	C:\WINDOWS\SYSTEM32\dhcpcsvc.DLL
0x00007ffcdcff0000 - 0x00007ffcdd0ba000 	C:\WINDOWS\SYSTEM32\DNSAPI.dll
0x00007ffcd4f60000 - 0x00007ffcd4f84000 	C:\Program Files\Java\jdk1.8.0_202\jre\bin\sunec.dll

VM Arguments:
jvm_args: -Xmx1536m -Dfile.encoding=windows-1252 -Duser.country=US -Duser.language=en -Duser.variant 
java_command: org.gradle.launcher.daemon.bootstrap.GradleDaemon 4.10.1
java_class_path (initial): C:\Users\Shubham\.gradle\wrapper\dists\gradle-4.10.1-all\455itskqi2qtf0v2sja68alqd\gradle-4.10.1\lib\gradle-launcher-4.10.1.jar
Launcher Type: SUN_STANDARD

Environment Variables:
JAVA_HOME=C:\Program Files\AdoptOpenJDK\jdk-12.0.2.10-openj9\
PATH=C:\ProgramData\DockerDesktop\version-bin;C:\Program Files\Docker\Docker\Resources\bin;C:\Program Files\AdoptOpenJDK\jdk-12.0.2.10-openj9\bin;C:\Program Files (x86)\Common Files\Oracle\Java\javapath;C:\oraclexe\app\oracle\product\11.2.0\server\bin;C:\Program Files (x86)\Intel\Intel(R) Management Engine Components\iCLS\;C:\Program Files\Intel\Intel(R) Management Engine Components\iCLS\;C:\WINDOWS\system32;C:\WINDOWS;C:\WINDOWS\System32\Wbem;C:\WINDOWS\System32\WindowsPowerShell\v1.0\;C:\WINDOWS\System32\OpenSSH\;C:\Program Files\Microsoft VS Code\bin;C:\Program Files\Java\jdk-10.0.2\bin;C:\Program Files (x86)\Intel\Intel(R) Management Engine Components\DAL;C:\Program Files\Intel\Intel(R) Management Engine Components\DAL;C:\Program Files (x86)\Intel\Intel(R) Management Engine Components\IPT;C:\Program Files\Intel\Intel(R) Management Engine Components\IPT;C:\Program Files (x86)\PharosSystems\Core;C:\Program Files\Git\cmd;C:\Program Files\PuTTY\;C:\Users\Shubham\Miniconda3;C:\Users\Shubham\Miniconda3\Library\mingw-w64\bin;C:\Users\Shubham\Miniconda3\Library\usr\bin;C:\Users\Shubham\Miniconda3\Library\bin;C:\Users\Shubham\Miniconda3\Scripts;C:\Users\Shubham\AppData\Local\Microsoft\WindowsApps;C:\Program Files\Java\jdk1.8.0_202\bin;C:\Program Files\heroku\bin
USERNAME=Shubham
OS=Windows_NT
PROCESSOR_IDENTIFIER=Intel64 Family 6 Model 142 Stepping 10, GenuineIntel



---------------  S Y S T E M  ---------------

OS: Windows 10.0 , 64 bit Build 18362 (10.0.18362.329)

CPU:total 8 (initial active 8) (4 cores per cpu, 2 threads per core) family 6 model 142 stepping 10, cmov, cx8, fxsr, mmx, sse, sse2, sse3, ssse3, sse4.1, sse4.2, popcnt, avx, avx2, aes, clmul, erms, 3dnowpref, lzcnt, ht, tsc, tscinvbit, bmi1, bmi2, adx

Memory: 4k page, physical 8260324k(421936k free), swap 10210020k(4432k free)

vm_info: Java HotSpot(TM) 64-Bit Server VM (25.202-b08) for windows-amd64 JRE (1.8.0_202-b08), built on Dec 15 2018 19:54:30 by "java_re" with MS VC++ 10.0 (VS2010)

time: Sun Nov 10 14:11:45 2019
timezone: Eastern Standard Time
elapsed time: 120 seconds (0d 0h 2m 0s)

