#
# There is insufficient memory for the Java Runtime Environment to continue.
# Native memory allocation (malloc) failed to allocate 1064976 bytes for Chunk::new
# Possible reasons:
#   The system is out of physical RAM or swap space
#   The process is running with CompressedOops enabled, and the Java Heap may be blocking the growth of the native heap
# Possible solutions:
#   Reduce memory load on the system
#   Increase physical memory or swap space
#   Check if swap backing store is full
#   Decrease Java heap size (-Xmx/-Xms)
#   Decrease number of Java threads
#   Decrease Java thread stack sizes (-Xss)
#   Set larger code cache with -XX:ReservedCodeCacheSize=
#   JVM is running with Unscaled Compressed Oops mode in which the Java heap is
#     placed in the first 4GB address space. The Java Heap base address is the
#     maximum limit for the native heap growth. Please use -XX:HeapBaseMinAddress
#     to set the Java Heap base and to place the Java Heap above 4GB virtual address.
# This output file may be truncated or incomplete.
#
#  Out of Memory Error (allocation.cpp:389), pid=11116, tid=0x0000000000003c24
#
# JRE version: Java(TM) SE Runtime Environment (8.0_202-b08) (build 1.8.0_202-b08)
# Java VM: Java HotSpot(TM) 64-Bit Server VM (25.202-b08 mixed mode windows-amd64 compressed oops)
# Failed to write core dump. Minidumps are not enabled by default on client versions of Windows
#

---------------  T H R E A D  ---------------

Current thread (0x0000000018b4e800):  JavaThread "C2 CompilerThread1" daemon [_thread_in_native, id=15396, stack(0x0000000019520000,0x0000000019620000)]

Stack: [0x0000000019520000,0x0000000019620000]
[error occurred during error reporting (printing stack bounds), id 0xc0000005]

Native frames: (J=compiled Java code, j=interpreted, Vv=VM code, C=native code)


Current CompileTask:
C2:   5017 3198   !   4       java.security.SecureClassLoader::getProtectionDomain (114 bytes)


---------------  P R O C E S S  ---------------

Java Threads: ( => current thread )
  0x000000001e699000 JavaThread "Build operations Thread 8" [_thread_blocked, id=15700, stack(0x0000000023290000,0x0000000023390000)]
  0x000000001e696000 JavaThread "Build operations Thread 7" [_thread_blocked, id=10072, stack(0x0000000023190000,0x0000000023290000)]
  0x000000001e691800 JavaThread "Build operations Thread 6" [_thread_blocked, id=3728, stack(0x0000000023090000,0x0000000023190000)]
  0x000000001e695800 JavaThread "Build operations Thread 5" [_thread_blocked, id=1348, stack(0x0000000022d50000,0x0000000022e50000)]
  0x000000001e697800 JavaThread "Build operations Thread 4" [_thread_blocked, id=15696, stack(0x0000000022c50000,0x0000000022d50000)]
  0x000000001e698800 JavaThread "Build operations Thread 3" [_thread_blocked, id=15548, stack(0x0000000022b50000,0x0000000022c50000)]
  0x000000001e694800 JavaThread "Build operations Thread 2" [_thread_blocked, id=13128, stack(0x0000000022660000,0x0000000022760000)]
  0x000000001ae3a000 JavaThread "Build operations" [_thread_blocked, id=7564, stack(0x000000001fff0000,0x00000000200f0000)]
  0x000000001ae39800 JavaThread "Cache worker for Artifact transforms cache (C:\Users\Shubham\.gradle\caches\transforms-1)" [_thread_blocked, id=11772, stack(0x0000000022770000,0x0000000022870000)]
  0x000000001ae38000 JavaThread "Cache worker for cache directory md-rule (C:\Users\Shubham\.gradle\caches\4.10.1\md-rule)" [_thread_blocked, id=11164, stack(0x0000000022560000,0x0000000022660000)]
  0x000000001ae3e800 JavaThread "Cache worker for cache directory md-supplier (C:\Users\Shubham\.gradle\caches\4.10.1\md-supplier)" [_thread_blocked, id=15912, stack(0x000000001fc40000,0x000000001fd40000)]
  0x000000001ae3b800 JavaThread "Cache worker for journal cache (C:\Users\Shubham\.gradle\caches\journal-1)" [_thread_blocked, id=8512, stack(0x000000001e910000,0x000000001ea10000)]
  0x000000001ae38800 JavaThread "Cache worker for file hash cache (C:\Users\Shubham\IdeaProjects\YelpSearchAndroidApp\.gradle\4.10.1\fileHashes)" [_thread_blocked, id=14020, stack(0x000000001e810000,0x000000001e910000)]
  0x000000001ae3d000 JavaThread "File lock request listener" [_thread_in_native, id=16224, stack(0x000000001d740000,0x000000001d840000)]
  0x000000001ae3b000 JavaThread "Cache worker for file hash cache (C:\Users\Shubham\.gradle\caches\4.10.1\fileHashes)" [_thread_blocked, id=15092, stack(0x000000001d640000,0x000000001d740000)]
  0x0000000018c7c000 JavaThread "Stdin handler" [_thread_blocked, id=4400, stack(0x000000001c370000,0x000000001c470000)]
  0x0000000018c87000 JavaThread "Asynchronous log dispatcher for DefaultDaemonConnection: socket connection from /127.0.0.1:50783 to /127.0.0.1:50784" [_thread_blocked, id=1076, stack(0x000000001c170000,0x000000001c270000)]
  0x0000000019c34800 JavaThread "Daemon worker" [_thread_in_vm, id=5676, stack(0x000000001be70000,0x000000001bf70000)]
  0x0000000018c89000 JavaThread "Cancel handler" [_thread_blocked, id=9312, stack(0x000000001bd70000,0x000000001be70000)]
  0x0000000019c01000 JavaThread "Handler for socket connection from /127.0.0.1:50783 to /127.0.0.1:50784" [_thread_in_native, id=14252, stack(0x000000001bc70000,0x000000001bd70000)]
  0x0000000018ec3000 JavaThread "Daemon" [_thread_blocked, id=10024, stack(0x000000001bb70000,0x000000001bc70000)]
  0x0000000018e9a000 JavaThread "Daemon periodic checks" [_thread_blocked, id=14976, stack(0x000000001ba70000,0x000000001bb70000)]
  0x0000000018e01800 JavaThread "Incoming local TCP Connector on port 50783" [_thread_in_native, id=3752, stack(0x000000001b830000,0x000000001b930000)]
  0x000000001a544000 JavaThread "Daemon health stats" [_thread_blocked, id=13116, stack(0x000000001b1f0000,0x000000001b2f0000)]
  0x0000000018bdd800 JavaThread "Service Thread" daemon [_thread_blocked, id=9620, stack(0x0000000019820000,0x0000000019920000)]
  0x0000000018b58800 JavaThread "C1 CompilerThread3" daemon [_thread_blocked, id=9864, stack(0x0000000019720000,0x0000000019820000)]
  0x0000000018b51000 JavaThread "C2 CompilerThread2" daemon [_thread_blocked, id=9860, stack(0x0000000019620000,0x0000000019720000)]
=>0x0000000018b4e800 JavaThread "C2 CompilerThread1" daemon [_thread_in_native, id=15396, stack(0x0000000019520000,0x0000000019620000)]
  0x0000000018b4a000 JavaThread "C2 CompilerThread0" daemon [_thread_blocked, id=16344, stack(0x0000000019420000,0x0000000019520000)]
  0x0000000018b48800 JavaThread "Attach Listener" daemon [_thread_blocked, id=13488, stack(0x0000000019320000,0x0000000019420000)]
  0x0000000018b47000 JavaThread "Signal Dispatcher" daemon [_thread_blocked, id=2316, stack(0x0000000019220000,0x0000000019320000)]
  0x0000000002f89000 JavaThread "Finalizer" daemon [_thread_blocked, id=12596, stack(0x0000000019020000,0x0000000019120000)]
  0x0000000016d4d800 JavaThread "Reference Handler" daemon [_thread_blocked, id=6588, stack(0x0000000018f20000,0x0000000019020000)]
  0x0000000002e92800 JavaThread "main" [_thread_blocked, id=15116, stack(0x0000000002d90000,0x0000000002e90000)]

Other Threads:
  0x0000000016d49000 VMThread [stack: 0x0000000018a20000,0x0000000018b20000] [id=12624]
  0x0000000018b93800 WatcherThread [stack: 0x0000000019920000,0x0000000019a20000] [id=2912]

VM state:not at safepoint (normal execution)

VM Mutex/Monitor currently owned by a thread: None

heap address: 0x00000000a0000000, size: 1536 MB, Compressed Oops mode: 32-bit
Narrow klass base: 0x0000000000000000, Narrow klass shift: 3
Compressed class space size: 1073741824 Address: 0x0000000100000000

Heap:
 PSYoungGen      total 141312K, used 4469K [0x00000000e0000000, 0x00000000ec480000, 0x0000000100000000)
  eden space 130560K, 3% used [0x00000000e0000000,0x00000000e045d4f8,0x00000000e7f80000)
  from space 10752K, 0% used [0x00000000e7f80000,0x00000000e7f80000,0x00000000e8a00000)
  to   space 13312K, 0% used [0x00000000eb780000,0x00000000eb780000,0x00000000ec480000)
 ParOldGen       total 93696K, used 19440K [0x00000000a0000000, 0x00000000a5b80000, 0x00000000e0000000)
  object space 93696K, 20% used [0x00000000a0000000,0x00000000a12fc198,0x00000000a5b80000)
 Metaspace       used 35259K, capacity 35836K, committed 36096K, reserved 1079296K
  class space    used 5034K, capacity 5258K, committed 5376K, reserved 1048576K

Card table byte_map: [0x0000000012350000,0x0000000012660000] byte_map_base: 0x0000000011e50000

Marking Bits: (ParMarkBitMap*) 0x0000000068555ce0
 Begin Bits: [0x0000000013060000, 0x0000000014860000)
 End Bits:   [0x0000000014860000, 0x0000000016060000)

Polling page: 0x0000000000f40000

CodeCache: size=245760Kb used=10467Kb max_used=11101Kb free=235292Kb
 bounds [0x0000000002f90000, 0x0000000003a70000, 0x0000000011f90000]
 total_blobs=3627 nmethods=2916 adapters=622
 compilation: enabled

Compilation events (10 events):
Event: 4.971 Thread 0x0000000018b51000 nmethod 3199 0x0000000003260c10 code [0x0000000003260e40, 0x00000000032631f8]
Event: 4.971 Thread 0x0000000018b4a000 nmethod 3195 0x0000000003247150 code [0x0000000003247380, 0x0000000003249738]
Event: 4.971 Thread 0x0000000018b51000 3200       4       com.google.common.collect.MapMakerInternalMap::rehash (49 bytes)
Event: 4.974 Thread 0x0000000018b51000 nmethod 3200 0x0000000003260990 code [0x0000000003260ac0, 0x0000000003260b58]
Event: 4.974 Thread 0x0000000018b51000 3202       4       com.google.common.collect.MapMakerInternalMap::segmentFor (17 bytes)
Event: 4.975 Thread 0x0000000018b51000 nmethod 3202 0x00000000030f4510 code [0x00000000030f4640, 0x00000000030f46d8]
Event: 4.978 Thread 0x0000000018b58800 3205       3       java.lang.reflect.Constructor::acquireConstructorAccessor (44 bytes)
Event: 4.978 Thread 0x0000000018b58800 nmethod 3205 0x00000000031a0c50 code [0x00000000031a0de0, 0x00000000031a1438]
Event: 4.998 Thread 0x0000000018b4a000 3206       4       sun.misc.URLClassPath$JarLoader$2::getCodeSigners (8 bytes)
Event: 5.006 Thread 0x0000000018b4a000 nmethod 3206 0x00000000030abed0 code [0x00000000030ac060, 0x00000000030ac5f8]

GC Heap History (10 events):
Event: 2.436 GC heap before
{Heap before GC invocations=5 (full 0):
 PSYoungGen      total 71680K, used 37292K [0x00000000e0000000, 0x00000000e4b00000, 0x0000000100000000)
  eden space 66560K, 48% used [0x00000000e0000000,0x00000000e1f73330,0x00000000e4100000)
  from space 5120K, 99% used [0x00000000e4600000,0x00000000e4af8020,0x00000000e4b00000)
  to   space 5120K, 0% used [0x00000000e4100000,0x00000000e4100000,0x00000000e4600000)
 ParOldGen       total 87552K, used 5404K [0x00000000a0000000, 0x00000000a5580000, 0x00000000e0000000)
  object space 87552K, 6% used [0x00000000a0000000,0x00000000a0547140,0x00000000a5580000)
 Metaspace       used 20766K, capacity 21180K, committed 21296K, reserved 1067008K
  class space    used 2983K, capacity 3150K, committed 3200K, reserved 1048576K
Event: 2.445 GC heap after
Heap after GC invocations=5 (full 0):
 PSYoungGen      total 71680K, used 5088K [0x00000000e0000000, 0x00000000e9800000, 0x0000000100000000)
  eden space 66560K, 0% used [0x00000000e0000000,0x00000000e0000000,0x00000000e4100000)
  from space 5120K, 99% used [0x00000000e4100000,0x00000000e45f8040,0x00000000e4600000)
  to   space 11264K, 0% used [0x00000000e8d00000,0x00000000e8d00000,0x00000000e9800000)
 ParOldGen       total 87552K, used 9672K [0x00000000a0000000, 0x00000000a5580000, 0x00000000e0000000)
  object space 87552K, 11% used [0x00000000a0000000,0x00000000a0972308,0x00000000a5580000)
 Metaspace       used 20766K, capacity 21180K, committed 21296K, reserved 1067008K
  class space    used 2983K, capacity 3150K, committed 3200K, reserved 1048576K
}
Event: 2.445 GC heap before
{Heap before GC invocations=6 (full 1):
 PSYoungGen      total 71680K, used 5088K [0x00000000e0000000, 0x00000000e9800000, 0x0000000100000000)
  eden space 66560K, 0% used [0x00000000e0000000,0x00000000e0000000,0x00000000e4100000)
  from space 5120K, 99% used [0x00000000e4100000,0x00000000e45f8040,0x00000000e4600000)
  to   space 11264K, 0% used [0x00000000e8d00000,0x00000000e8d00000,0x00000000e9800000)
 ParOldGen       total 87552K, used 9672K [0x00000000a0000000, 0x00000000a5580000, 0x00000000e0000000)
  object space 87552K, 11% used [0x00000000a0000000,0x00000000a0972308,0x00000000a5580000)
 Metaspace       used 20766K, capacity 21180K, committed 21296K, reserved 1067008K
  class space    used 2983K, capacity 3150K, committed 3200K, reserved 1048576K
Event: 2.468 GC heap after
Heap after GC invocations=6 (full 1):
 PSYoungGen      total 71680K, used 0K [0x00000000e0000000, 0x00000000e9800000, 0x0000000100000000)
  eden space 66560K, 0% used [0x00000000e0000000,0x00000000e0000000,0x00000000e4100000)
  from space 5120K, 0% used [0x00000000e4100000,0x00000000e4100000,0x00000000e4600000)
  to   space 11264K, 0% used [0x00000000e8d00000,0x00000000e8d00000,0x00000000e9800000)
 ParOldGen       total 60416K, used 9594K [0x00000000a0000000, 0x00000000a3b00000, 0x00000000e0000000)
  object space 60416K, 15% used [0x00000000a0000000,0x00000000a095e828,0x00000000a3b00000)
 Metaspace       used 20766K, capacity 21180K, committed 21296K, reserved 1067008K
  class space    used 2983K, capacity 3150K, committed 3200K, reserved 1048576K
}
Event: 3.331 GC heap before
{Heap before GC invocations=7 (full 1):
 PSYoungGen      total 71680K, used 66560K [0x00000000e0000000, 0x00000000e9800000, 0x0000000100000000)
  eden space 66560K, 100% used [0x00000000e0000000,0x00000000e4100000,0x00000000e4100000)
  from space 5120K, 0% used [0x00000000e4100000,0x00000000e4100000,0x00000000e4600000)
  to   space 11264K, 0% used [0x00000000e8d00000,0x00000000e8d00000,0x00000000e9800000)
 ParOldGen       total 60416K, used 9594K [0x00000000a0000000, 0x00000000a3b00000, 0x00000000e0000000)
  object space 60416K, 15% used [0x00000000a0000000,0x00000000a095e828,0x00000000a3b00000)
 Metaspace       used 27412K, capacity 27882K, committed 28160K, reserved 1073152K
  class space    used 3852K, capacity 4033K, committed 4096K, reserved 1048576K
Event: 3.340 GC heap after
Heap after GC invocations=7 (full 1):
 PSYoungGen      total 116224K, used 7329K [0x00000000e0000000, 0x00000000e9480000, 0x0000000100000000)
  eden space 108544K, 0% used [0x00000000e0000000,0x00000000e0000000,0x00000000e6a00000)
  from space 7680K, 95% used [0x00000000e8d00000,0x00000000e9428698,0x00000000e9480000)
  to   space 10752K, 0% used [0x00000000e7f80000,0x00000000e7f80000,0x00000000e8a00000)
 ParOldGen       total 60416K, used 9602K [0x00000000a0000000, 0x00000000a3b00000, 0x00000000e0000000)
  object space 60416K, 15% used [0x00000000a0000000,0x00000000a0960828,0x00000000a3b00000)
 Metaspace       used 27412K, capacity 27882K, committed 28160K, reserved 1073152K
  class space    used 3852K, capacity 4033K, committed 4096K, reserved 1048576K
}
Event: 4.892 GC heap before
{Heap before GC invocations=8 (full 1):
 PSYoungGen      total 116224K, used 103684K [0x00000000e0000000, 0x00000000e9480000, 0x0000000100000000)
  eden space 108544K, 88% used [0x00000000e0000000,0x00000000e5e18a88,0x00000000e6a00000)
  from space 7680K, 95% used [0x00000000e8d00000,0x00000000e9428698,0x00000000e9480000)
  to   space 10752K, 0% used [0x00000000e7f80000,0x00000000e7f80000,0x00000000e8a00000)
 ParOldGen       total 60416K, used 9602K [0x00000000a0000000, 0x00000000a3b00000, 0x00000000e0000000)
  object space 60416K, 15% used [0x00000000a0000000,0x00000000a0960828,0x00000000a3b00000)
 Metaspace       used 34843K, capacity 35388K, committed 35456K, reserved 1079296K
  class space    used 4976K, capacity 5194K, committed 5248K, reserved 1048576K
Event: 4.909 GC heap after
Heap after GC invocations=8 (full 1):
 PSYoungGen      total 141312K, used 10733K [0x00000000e0000000, 0x00000000ec480000, 0x0000000100000000)
  eden space 130560K, 0% used [0x00000000e0000000,0x00000000e0000000,0x00000000e7f80000)
  from space 10752K, 99% used [0x00000000e7f80000,0x00000000e89fb418,0x00000000e8a00000)
  to   space 13312K, 0% used [0x00000000eb780000,0x00000000eb780000,0x00000000ec480000)
 ParOldGen       total 60416K, used 11800K [0x00000000a0000000, 0x00000000a3b00000, 0x00000000e0000000)
  object space 60416K, 19% used [0x00000000a0000000,0x00000000a0b861d0,0x00000000a3b00000)
 Metaspace       used 34843K, capacity 35388K, committed 35456K, reserved 1079296K
  class space    used 4976K, capacity 5194K, committed 5248K, reserved 1048576K
}
Event: 4.909 GC heap before
{Heap before GC invocations=9 (full 2):
 PSYoungGen      total 141312K, used 10733K [0x00000000e0000000, 0x00000000ec480000, 0x0000000100000000)
  eden space 130560K, 0% used [0x00000000e0000000,0x00000000e0000000,0x00000000e7f80000)
  from space 10752K, 99% used [0x00000000e7f80000,0x00000000e89fb418,0x00000000e8a00000)
  to   space 13312K, 0% used [0x00000000eb780000,0x00000000eb780000,0x00000000ec480000)
 ParOldGen       total 60416K, used 11800K [0x00000000a0000000, 0x00000000a3b00000, 0x00000000e0000000)
  object space 60416K, 19% used [0x00000000a0000000,0x00000000a0b861d0,0x00000000a3b00000)
 Metaspace       used 34843K, capacity 35388K, committed 35456K, reserved 1079296K
  class space    used 4976K, capacity 5194K, committed 5248K, reserved 1048576K
Event: 4.968 GC heap after
Heap after GC invocations=9 (full 2):
 PSYoungGen      total 141312K, used 0K [0x00000000e0000000, 0x00000000ec480000, 0x0000000100000000)
  eden space 130560K, 0% used [0x00000000e0000000,0x00000000e0000000,0x00000000e7f80000)
  from space 10752K, 0% used [0x00000000e7f80000,0x00000000e7f80000,0x00000000e8a00000)
  to   space 13312K, 0% used [0x00000000eb780000,0x00000000eb780000,0x00000000ec480000)
 ParOldGen       total 93696K, used 19440K [0x00000000a0000000, 0x00000000a5b80000, 0x00000000e0000000)
  object space 93696K, 20% used [0x00000000a0000000,0x00000000a12fc198,0x00000000a5b80000)
 Metaspace       used 34843K, capacity 35388K, committed 35456K, reserved 1079296K
  class space    used 4976K, capacity 5194K, committed 5248K, reserved 1048576K
}

Deoptimization events (10 events):
Event: 3.658 Thread 0x0000000019c34800 Uncommon trap: reason=unstable_if action=reinterpret pc=0x00000000037b5a20 method=java.net.URI.match(CJJ)Z @ 45
Event: 4.033 Thread 0x0000000019c34800 Uncommon trap: reason=unstable_if action=reinterpret pc=0x00000000038f3e44 method=java.util.concurrent.ConcurrentHashMap.get(Ljava/lang/Object;)Ljava/lang/Object; @ 152
Event: 4.033 Thread 0x0000000019c34800 Uncommon trap: reason=class_check action=maybe_recompile pc=0x0000000003486960 method=java.util.concurrent.ConcurrentHashMap.putVal(Ljava/lang/Object;Ljava/lang/Object;Z)Ljava/lang/Object; @ 192
Event: 4.035 Thread 0x0000000019c34800 Uncommon trap: reason=class_check action=maybe_recompile pc=0x0000000003486960 method=java.util.concurrent.ConcurrentHashMap.putVal(Ljava/lang/Object;Ljava/lang/Object;Z)Ljava/lang/Object; @ 192
Event: 4.488 Thread 0x0000000019c34800 Uncommon trap: reason=range_check action=make_not_entrant pc=0x00000000038dacd4 method=java.lang.String.charAt(I)C @ 27
Event: 4.647 Thread 0x0000000019c34800 Uncommon trap: reason=unstable_if action=reinterpret pc=0x0000000003984010 method=java.util.regex.Pattern.has(I)Z @ 6
Event: 4.759 Thread 0x0000000019c34800 Uncommon trap: reason=unstable_if action=reinterpret pc=0x00000000039d75a4 method=java.lang.Integer.valueOf(I)Ljava/lang/Integer; @ 3
Event: 4.763 Thread 0x0000000019c34800 Uncommon trap: reason=predicate action=maybe_recompile pc=0x0000000003a23388 method=java.util.Arrays.binarySearch0([Ljava/lang/Object;IILjava/lang/Object;Ljava/util/Comparator;)I @ 28
Event: 4.799 Thread 0x0000000019c34800 Uncommon trap: reason=unstable_if action=reinterpret pc=0x00000000035ed5d4 method=sun.misc.MetaIndex.mayContain(Ljava/lang/String;)Z @ 38
Event: 4.800 Thread 0x0000000019c34800 Uncommon trap: reason=unstable_if action=reinterpret pc=0x00000000030b448c method=java.security.CodeSource.hashCode()I @ 4

Classes redefined (0 events):
No events

Internal exceptions (10 events):
Event: 4.530 Thread 0x0000000019c34800 Exception <a 'java/lang/ClassNotFoundException': org/gradle/api/internal/AbstractTaskCustomizer> (0x00000000e4c05458) thrown at [C:\re\workspace\8-2-build-windows-amd64-cygwin\jdk8u202\12323\hotspot\src\share\vm\classfile\systemDictionary.cpp, line 210]
Event: 4.533 Thread 0x0000000019c34800 Exception <a 'java/lang/ClassNotFoundException': org/gradle/api/DefaultTaskCustomizer> (0x00000000e4c92290) thrown at [C:\re\workspace\8-2-build-windows-amd64-cygwin\jdk8u202\12323\hotspot\src\share\vm\classfile\systemDictionary.cpp, line 210]
Event: 4.534 Thread 0x0000000019c34800 Exception <a 'java/lang/ClassNotFoundException': org/gradle/api/internal/ConventionTaskCustomizer> (0x00000000e4ccfc48) thrown at [C:\re\workspace\8-2-build-windows-amd64-cygwin\jdk8u202\12323\hotspot\src\share\vm\classfile\systemDictionary.cpp, line 210]
Event: 4.535 Thread 0x0000000019c34800 Exception <a 'java/lang/ClassNotFoundException': org/gradle/api/tasks/DeleteCustomizer> (0x00000000e4d0ac90) thrown at [C:\re\workspace\8-2-build-windows-amd64-cygwin\jdk8u202\12323\hotspot\src\share\vm\classfile\systemDictionary.cpp, line 210]
Event: 4.537 Thread 0x0000000019c34800 Exception <a 'java/lang/ClassNotFoundException': org/gradle/api/tasks/Delete_DecoratedCustomizer> (0x00000000e4d53fd8) thrown at [C:\re\workspace\8-2-build-windows-amd64-cygwin\jdk8u202\12323\hotspot\src\share\vm\classfile\systemDictionary.cpp, line 210]
Event: 4.572 Thread 0x0000000019c34800 Exception <a 'java/lang/ClassNotFoundException': build_ckqed576wlvmqqocukqj1jzntBeanInfo> (0x00000000e4e89828) thrown at [C:\re\workspace\8-2-build-windows-amd64-cygwin\jdk8u202\12323\hotspot\src\share\vm\classfile\systemDictionary.cpp, line 210]
Event: 4.573 Thread 0x0000000019c34800 Exception <a 'java/lang/ClassNotFoundException': build_ckqed576wlvmqqocukqj1jzntCustomizer> (0x00000000e4e94580) thrown at [C:\re\workspace\8-2-build-windows-amd64-cygwin\jdk8u202\12323\hotspot\src\share\vm\classfile\systemDictionary.cpp, line 210]
Event: 4.577 Thread 0x0000000019c34800 Exception <a 'java/lang/ClassNotFoundException': org/gradle/api/internal/plugins/DefaultObjectConfigurationActionBeanInfo> (0x00000000e4f018b8) thrown at [C:\re\workspace\8-2-build-windows-amd64-cygwin\jdk8u202\12323\hotspot\src\share\vm\classfile\systemD
Event: 4.577 Thread 0x0000000019c34800 Exception <a 'java/lang/ClassNotFoundException': org/gradle/api/internal/plugins/DefaultObjectConfigurationActionCustomizer> (0x00000000e4f3cb60) thrown at [C:\re\workspace\8-2-build-windows-amd64-cygwin\jdk8u202\12323\hotspot\src\share\vm\classfile\syste
Event: 4.800 Thread 0x0000000019c34800 Implicit null exception at 0x00000000030b4195 to 0x00000000030b447d

Events (10 events):
Event: 5.013 loading class com/google/protobuf/MessageLite
Event: 5.013 loading class com/google/protobuf/MessageLite done
Event: 5.014 loading class com/google/protobuf/AbstractMessageLite
Event: 5.014 loading class com/google/protobuf/AbstractMessageLite done
Event: 5.015 loading class com/google/protobuf/InvalidProtocolBufferException
Event: 5.015 loading class com/google/protobuf/InvalidProtocolBufferException done
Event: 5.015 loading class com/google/protobuf/GeneratedMessageV3$BuilderParent
Event: 5.015 loading class com/google/protobuf/GeneratedMessageV3$BuilderParent done
Event: 5.015 loading class com/google/protobuf/AbstractMessage$BuilderParent
Event: 5.015 loading class com/google/protobuf/AbstractMessage$BuilderParent done


Dynamic libraries:
0x00007ff618600000 - 0x00007ff618637000 	C:\Program Files\Java\jdk1.8.0_202\bin\java.exe
0x00007ffce0c00000 - 0x00007ffce0df0000 	C:\WINDOWS\SYSTEM32\ntdll.dll
0x00007ffce0960000 - 0x00007ffce0a12000 	C:\WINDOWS\System32\KERNEL32.DLL
0x00007ffcddb90000 - 0x00007ffcdde33000 	C:\WINDOWS\System32\KERNELBASE.dll
0x00007ffce02b0000 - 0x00007ffce0353000 	C:\WINDOWS\System32\ADVAPI32.dll
0x00007ffcdecb0000 - 0x00007ffcded4e000 	C:\WINDOWS\System32\msvcrt.dll
0x00007ffce01a0000 - 0x00007ffce0237000 	C:\WINDOWS\System32\sechost.dll
0x00007ffcdf1a0000 - 0x00007ffcdf2c0000 	C:\WINDOWS\System32\RPCRT4.dll
0x00007ffce0a20000 - 0x00007ffce0bb4000 	C:\WINDOWS\System32\USER32.dll
0x00007ffcde090000 - 0x00007ffcde0b1000 	C:\WINDOWS\System32\win32u.dll
0x00007ffcdfaf0000 - 0x00007ffcdfb16000 	C:\WINDOWS\System32\GDI32.dll
0x00007ffcde940000 - 0x00007ffcdead4000 	C:\WINDOWS\System32\gdi32full.dll
0x00007ffcde0c0000 - 0x00007ffcde15e000 	C:\WINDOWS\System32\msvcp_win.dll
0x00007ffcddf40000 - 0x00007ffcde03a000 	C:\WINDOWS\System32\ucrtbase.dll
0x00007ffcc3850000 - 0x00007ffcc3ad5000 	C:\WINDOWS\WinSxS\amd64_microsoft.windows.common-controls_6595b64144ccf1df_6.0.18362.418_none_e6c6b287130d565d\COMCTL32.dll
0x00007ffce0620000 - 0x00007ffce0956000 	C:\WINDOWS\System32\combase.dll
0x00007ffcdec30000 - 0x00007ffcdecb0000 	C:\WINDOWS\System32\bcryptPrimitives.dll
0x00007ffcdf2c0000 - 0x00007ffcdf2ee000 	C:\WINDOWS\System32\IMM32.DLL
0x00000000685e0000 - 0x00000000686b2000 	C:\Program Files\Java\jdk1.8.0_202\jre\bin\msvcr100.dll
0x0000000067d30000 - 0x00000000685d5000 	C:\Program Files\Java\jdk1.8.0_202\jre\bin\server\jvm.dll
0x00007ffcdfa60000 - 0x00007ffcdfa68000 	C:\WINDOWS\System32\PSAPI.DLL
0x00007ffcdb2f0000 - 0x00007ffcdb314000 	C:\WINDOWS\SYSTEM32\WINMM.dll
0x00007ffca9940000 - 0x00007ffca9949000 	C:\WINDOWS\SYSTEM32\WSOCK32.dll
0x00007ffcdcc10000 - 0x00007ffcdcc1a000 	C:\WINDOWS\SYSTEM32\VERSION.dll
0x00007ffce0240000 - 0x00007ffce02af000 	C:\WINDOWS\System32\WS2_32.dll
0x00007ffcdb2c0000 - 0x00007ffcdb2ed000 	C:\WINDOWS\SYSTEM32\winmmbase.dll
0x00007ffcde040000 - 0x00007ffcde08a000 	C:\WINDOWS\System32\cfgmgr32.dll
0x00007ffcaccb0000 - 0x00007ffcaccbf000 	C:\Program Files\Java\jdk1.8.0_202\jre\bin\verify.dll
0x00007ffcacc80000 - 0x00007ffcacca9000 	C:\Program Files\Java\jdk1.8.0_202\jre\bin\java.dll
0x00007ffcac880000 - 0x00007ffcac896000 	C:\Program Files\Java\jdk1.8.0_202\jre\bin\zip.dll
0x00007ffcdf370000 - 0x00007ffcdfa55000 	C:\WINDOWS\System32\SHELL32.dll
0x00007ffcdf040000 - 0x00007ffcdf0e9000 	C:\WINDOWS\System32\shcore.dll
0x00007ffcde160000 - 0x00007ffcde8df000 	C:\WINDOWS\System32\windows.storage.dll
0x00007ffcddb00000 - 0x00007ffcddb1f000 	C:\WINDOWS\System32\profapi.dll
0x00007ffcddb40000 - 0x00007ffcddb8a000 	C:\WINDOWS\System32\powrprof.dll
0x00007ffcddad0000 - 0x00007ffcddae0000 	C:\WINDOWS\System32\UMPDC.dll
0x00007ffcdfff0000 - 0x00007ffce0042000 	C:\WINDOWS\System32\shlwapi.dll
0x00007ffcddae0000 - 0x00007ffcddaf1000 	C:\WINDOWS\System32\kernel.appcore.dll
0x00007ffcdde40000 - 0x00007ffcdde57000 	C:\WINDOWS\System32\cryptsp.dll
0x00007ffcac860000 - 0x00007ffcac87a000 	C:\Program Files\Java\jdk1.8.0_202\jre\bin\net.dll
0x00007ffccfae0000 - 0x00007ffccfcb6000 	C:\WINDOWS\SYSTEM32\urlmon.dll
0x00007ffccf830000 - 0x00007ffccfad6000 	C:\WINDOWS\SYSTEM32\iertutil.dll
0x00007ffcdd410000 - 0x00007ffcdd41c000 	C:\WINDOWS\SYSTEM32\CRYPTBASE.DLL
0x00007ffcdd290000 - 0x00007ffcdd2f7000 	C:\WINDOWS\system32\mswsock.dll
0x00007ffcac840000 - 0x00007ffcac852000 	C:\Program Files\Java\jdk1.8.0_202\jre\bin\nio.dll
0x00007ffcacf40000 - 0x00007ffcacf5e000 	C:\Users\Shubham\.gradle\native\25\windows-amd64\native-platform.dll
0x00007ffcac830000 - 0x00007ffcac83d000 	C:\Program Files\Java\jdk1.8.0_202\jre\bin\management.dll
0x00007ffcdce10000 - 0x00007ffcdce43000 	C:\WINDOWS\system32\rsaenh.dll
0x00007ffcddf10000 - 0x00007ffcddf36000 	C:\WINDOWS\System32\bcrypt.dll
0x00007ffcdd9f0000 - 0x00007ffcdda15000 	C:\WINDOWS\SYSTEM32\USERENV.dll
0x00007ffcdcfb0000 - 0x00007ffcdcfea000 	C:\WINDOWS\SYSTEM32\IPHLPAPI.DLL
0x00007ffce0610000 - 0x00007ffce0618000 	C:\WINDOWS\System32\NSI.dll
0x00007ffcd5350000 - 0x00007ffcd5366000 	C:\WINDOWS\SYSTEM32\dhcpcsvc6.DLL
0x00007ffcd5330000 - 0x00007ffcd534c000 	C:\WINDOWS\SYSTEM32\dhcpcsvc.DLL
0x00007ffcdcff0000 - 0x00007ffcdd0ba000 	C:\WINDOWS\SYSTEM32\DNSAPI.dll

VM Arguments:
jvm_args: -Xmx1536m -Dfile.encoding=windows-1252 -Duser.country=US -Duser.language=en -Duser.variant 
java_command: org.gradle.launcher.daemon.bootstrap.GradleDaemon 4.10.1
java_class_path (initial): C:\Users\Shubham\.gradle\wrapper\dists\gradle-4.10.1-all\455itskqi2qtf0v2sja68alqd\gradle-4.10.1\lib\gradle-launcher-4.10.1.jar
Launcher Type: SUN_STANDARD

Environment Variables:
JAVA_HOME=C:\Program Files\AdoptOpenJDK\jdk-12.0.2.10-openj9\
PATH=C:\ProgramData\DockerDesktop\version-bin;C:\Program Files\Docker\Docker\Resources\bin;C:\Program Files\AdoptOpenJDK\jdk-12.0.2.10-openj9\bin;C:\Program Files (x86)\Common Files\Oracle\Java\javapath;C:\oraclexe\app\oracle\product\11.2.0\server\bin;C:\Program Files (x86)\Intel\Intel(R) Management Engine Components\iCLS\;C:\Program Files\Intel\Intel(R) Management Engine Components\iCLS\;C:\WINDOWS\system32;C:\WINDOWS;C:\WINDOWS\System32\Wbem;C:\WINDOWS\System32\WindowsPowerShell\v1.0\;C:\WINDOWS\System32\OpenSSH\;C:\Program Files\Microsoft VS Code\bin;C:\Program Files\Java\jdk-10.0.2\bin;C:\Program Files (x86)\Intel\Intel(R) Management Engine Components\DAL;C:\Program Files\Intel\Intel(R) Management Engine Components\DAL;C:\Program Files (x86)\Intel\Intel(R) Management Engine Components\IPT;C:\Program Files\Intel\Intel(R) Management Engine Components\IPT;C:\Program Files (x86)\PharosSystems\Core;C:\Program Files\Git\cmd;C:\Program Files\PuTTY\;C:\Users\Shubham\Miniconda3;C:\Users\Shubham\Miniconda3\Library\mingw-w64\bin;C:\Users\Shubham\Miniconda3\Library\usr\bin;C:\Users\Shubham\Miniconda3\Library\bin;C:\Users\Shubham\Miniconda3\Scripts;C:\Users\Shubham\AppData\Local\Microsoft\WindowsApps;C:\Program Files\Java\jdk1.8.0_202\bin;C:\Program Files\heroku\bin
USERNAME=Shubham
OS=Windows_NT
PROCESSOR_IDENTIFIER=Intel64 Family 6 Model 142 Stepping 10, GenuineIntel



---------------  S Y S T E M  ---------------

OS: Windows 10.0 , 64 bit Build 18362 (10.0.18362.329)

CPU:total 8 (initial active 8) (4 cores per cpu, 2 threads per core) family 6 model 142 stepping 10, cmov, cx8, fxsr, mmx, sse, sse2, sse3, ssse3, sse4.1, sse4.2, popcnt, avx, avx2, aes, clmul, erms, 3dnowpref, lzcnt, ht, tsc, tscinvbit, bmi1, bmi2, adx

Memory: 4k page, physical 8260324k(437964k free), swap 10210020k(5324k free)

vm_info: Java HotSpot(TM) 64-Bit Server VM (25.202-b08) for windows-amd64 JRE (1.8.0_202-b08), built on Dec 15 2018 19:54:30 by "java_re" with MS VC++ 10.0 (VS2010)

time: Sun Nov 10 14:07:10 2019
timezone: Eastern Standard Time
elapsed time: 5 seconds (0d 0h 0m 5s)

