#
# There is insufficient memory for the Java Runtime Environment to continue.
# Native memory allocation (malloc) failed to allocate 1143376 bytes for Chunk::new
# Possible reasons:
#   The system is out of physical RAM or swap space
#   The process is running with CompressedOops enabled, and the Java Heap may be blocking the growth of the native heap
# Possible solutions:
#   Reduce memory load on the system
#   Increase physical memory or swap space
#   Check if swap backing store is full
#   Decrease Java heap size (-Xmx/-Xms)
#   Decrease number of Java threads
#   Decrease Java thread stack sizes (-Xss)
#   Set larger code cache with -XX:ReservedCodeCacheSize=
#   JVM is running with Unscaled Compressed Oops mode in which the Java heap is
#     placed in the first 4GB address space. The Java Heap base address is the
#     maximum limit for the native heap growth. Please use -XX:HeapBaseMinAddress
#     to set the Java Heap base and to place the Java Heap above 4GB virtual address.
# This output file may be truncated or incomplete.
#
#  Out of Memory Error (allocation.cpp:389), pid=10292, tid=0x0000000000003828
#
# JRE version: Java(TM) SE Runtime Environment (8.0_202-b08) (build 1.8.0_202-b08)
# Java VM: Java HotSpot(TM) 64-Bit Server VM (25.202-b08 mixed mode windows-amd64 compressed oops)
# Failed to write core dump. Minidumps are not enabled by default on client versions of Windows
#

---------------  T H R E A D  ---------------

Current thread (0x0000000018ae9800):  JavaThread "C2 CompilerThread0" daemon [_thread_in_native, id=14376, stack(0x00000000193c0000,0x00000000194c0000)]

Stack: [0x00000000193c0000,0x00000000194c0000]
[error occurred during error reporting (printing stack bounds), id 0xc0000005]

Native frames: (J=compiled Java code, j=interpreted, Vv=VM code, C=native code)


Current CompileTask:
C2:   3293 2649       4       java.io.WinNTFileSystem::normalize (143 bytes)


---------------  P R O C E S S  ---------------

Java Threads: ( => current thread )
  0x000000001d36c800 JavaThread "Build operations Thread 8" [_thread_blocked, id=15976, stack(0x0000000023230000,0x0000000023330000)]
  0x000000001d36a800 JavaThread "Build operations Thread 7" [_thread_blocked, id=10080, stack(0x0000000023130000,0x0000000023230000)]
  0x000000001d36a000 JavaThread "Build operations Thread 6" [_thread_blocked, id=10160, stack(0x0000000021f80000,0x0000000022080000)]
  0x000000001d369000 JavaThread "Build operations Thread 5" [_thread_blocked, id=15396, stack(0x0000000021e80000,0x0000000021f80000)]
  0x000000001d367800 JavaThread "Build operations Thread 4" [_thread_blocked, id=4792, stack(0x0000000021960000,0x0000000021a60000)]
  0x000000001d367000 JavaThread "Build operations Thread 3" [_thread_blocked, id=9548, stack(0x0000000021860000,0x0000000021960000)]
  0x000000001d368800 JavaThread "Build operations Thread 2" [_thread_blocked, id=14056, stack(0x0000000021520000,0x0000000021620000)]
  0x000000001d365800 JavaThread "Build operations" [_thread_blocked, id=10608, stack(0x0000000021420000,0x0000000021520000)]
  0x000000001d366000 JavaThread "Cache worker for Artifact transforms cache (C:\Users\Shubham\.gradle\caches\transforms-1)" [_thread_blocked, id=12512, stack(0x0000000020080000,0x0000000020180000)]
  0x000000001d36b800 JavaThread "Cache worker for cache directory md-rule (C:\Users\Shubham\.gradle\caches\4.10.1\md-rule)" [_thread_blocked, id=14436, stack(0x000000001fce0000,0x000000001fde0000)]
  0x0000000018af4000 JavaThread "Cache worker for cache directory md-supplier (C:\Users\Shubham\.gradle\caches\4.10.1\md-supplier)" [_thread_blocked, id=16160, stack(0x000000001e9b0000,0x000000001eab0000)]
  0x0000000018af7000 JavaThread "Cache worker for journal cache (C:\Users\Shubham\.gradle\caches\journal-1)" [_thread_blocked, id=16052, stack(0x000000001e8b0000,0x000000001e9b0000)]
  0x0000000018af5800 JavaThread "Cache worker for file hash cache (C:\Users\Shubham\IdeaProjects\YelpSearchAndroidApp\.gradle\4.10.1\fileHashes)" [_thread_blocked, id=16044, stack(0x000000001e7b0000,0x000000001e8b0000)]
  0x0000000018af6800 JavaThread "File lock request listener" [_thread_in_native, id=16008, stack(0x000000001d6e0000,0x000000001d7e0000)]
  0x0000000018af5000 JavaThread "Cache worker for file hash cache (C:\Users\Shubham\.gradle\caches\4.10.1\fileHashes)" [_thread_blocked, id=16004, stack(0x000000001d5e0000,0x000000001d6e0000)]
  0x0000000018df3000 JavaThread "Stdin handler" [_thread_blocked, id=16000, stack(0x000000001c310000,0x000000001c410000)]
  0x0000000018df2800 JavaThread "Asynchronous log dispatcher for DefaultDaemonConnection: socket connection from /127.0.0.1:50831 to /127.0.0.1:50832" [_thread_blocked, id=15984, stack(0x000000001c110000,0x000000001c210000)]
  0x0000000018dfd000 JavaThread "Daemon worker" [_thread_in_vm, id=15960, stack(0x000000001c010000,0x000000001c110000)]
  0x0000000018dfc800 JavaThread "Cancel handler" [_thread_blocked, id=12124, stack(0x000000001bd10000,0x000000001be10000)]
  0x000000001a00e000 JavaThread "Handler for socket connection from /127.0.0.1:50831 to /127.0.0.1:50832" [_thread_in_native, id=11488, stack(0x000000001bc10000,0x000000001bd10000)]
  0x000000001a008000 JavaThread "Daemon" [_thread_blocked, id=15140, stack(0x000000001bb10000,0x000000001bc10000)]
  0x0000000018e92800 JavaThread "Daemon periodic checks" [_thread_blocked, id=16372, stack(0x000000001ba10000,0x000000001bb10000)]
  0x0000000019a42800 JavaThread "Incoming local TCP Connector on port 50831" [_thread_in_native, id=12484, stack(0x000000001b7d0000,0x000000001b8d0000)]
  0x000000001aebd800 JavaThread "Daemon health stats" [_thread_blocked, id=4772, stack(0x000000001b190000,0x000000001b290000)]
  0x0000000018b97800 JavaThread "Service Thread" daemon [_thread_blocked, id=9160, stack(0x00000000197c0000,0x00000000198c0000)]
  0x0000000018af2800 JavaThread "C1 CompilerThread3" daemon [_thread_in_vm, id=9452, stack(0x00000000196c0000,0x00000000197c0000)]
  0x0000000018af2000 JavaThread "C2 CompilerThread2" daemon [_thread_in_native, id=11524, stack(0x00000000195c0000,0x00000000196c0000)]
  0x0000000018aee000 JavaThread "C2 CompilerThread1" daemon [_thread_in_native, id=3848, stack(0x00000000194c0000,0x00000000195c0000)]
=>0x0000000018ae9800 JavaThread "C2 CompilerThread0" daemon [_thread_in_native, id=14376, stack(0x00000000193c0000,0x00000000194c0000)]
  0x0000000018ae8000 JavaThread "Attach Listener" daemon [_thread_blocked, id=1440, stack(0x00000000192c0000,0x00000000193c0000)]
  0x0000000018ae7000 JavaThread "Signal Dispatcher" daemon [_thread_blocked, id=10936, stack(0x00000000191c0000,0x00000000192c0000)]
  0x0000000002ef9000 JavaThread "Finalizer" daemon [_thread_blocked, id=6196, stack(0x0000000018fc0000,0x00000000190c0000)]
  0x0000000016cbd800 JavaThread "Reference Handler" daemon [_thread_blocked, id=10048, stack(0x0000000018ec0000,0x0000000018fc0000)]
  0x0000000002e02800 JavaThread "main" [_thread_blocked, id=15616, stack(0x0000000002c50000,0x0000000002d50000)]

Other Threads:
  0x0000000016cb8800 VMThread [stack: 0x00000000189c0000,0x0000000018ac0000] [id=9580]
  0x0000000018bc9800 WatcherThread [stack: 0x00000000198c0000,0x00000000199c0000] [id=15940]

VM state:not at safepoint (normal execution)

VM Mutex/Monitor currently owned by a thread: None

OutOfMemory and StackOverflow Exception counts:
OutOfMemoryError java_heap_errors=5

heap address: 0x00000000a0000000, size: 1536 MB, Compressed Oops mode: 32-bit
Narrow klass base: 0x0000000000000000, Narrow klass shift: 3
Compressed class space size: 1073741824 Address: 0x0000000100000000

Heap:
 PSYoungGen      total 71168K, used 54867K [0x00000000e0000000, 0x00000000e6b80000, 0x0000000100000000)
  eden space 59904K, 80% used [0x00000000e0000000,0x00000000e2ed1528,0x00000000e3a80000)
  from space 11264K, 61% used [0x00000000e3a80000,0x00000000e4143a68,0x00000000e4580000)
  to   space 10752K, 0% used [0x00000000e6100000,0x00000000e6100000,0x00000000e6b80000)
 ParOldGen       total 61440K, used 9613K [0x00000000a0000000, 0x00000000a3c00000, 0x00000000e0000000)
  object space 61440K, 15% used [0x00000000a0000000,0x00000000a0963658,0x00000000a3c00000)
 Metaspace       used 30896K, capacity 31368K, committed 31616K, reserved 1077248K
  class space    used 4413K, capacity 4617K, committed 4736K, reserved 1048576K

Card table byte_map: [0x00000000122c0000,0x00000000125d0000] byte_map_base: 0x0000000011dc0000

Marking Bits: (ParMarkBitMap*) 0x0000000058315ce0
 Begin Bits: [0x0000000012fd0000, 0x00000000147d0000)
 End Bits:   [0x00000000147d0000, 0x0000000015fd0000)

Polling page: 0x00000000013d0000

CodeCache: size=245760Kb used=10373Kb max_used=10380Kb free=235386Kb
 bounds [0x0000000002f00000, 0x0000000003930000, 0x0000000011f00000]
 total_blobs=3590 nmethods=2904 adapters=596
 compilation: enabled

Compilation events (10 events):
Event: 3.279 Thread 0x0000000018af2800 2891       3       sun.security.provider.MD5::implDigest (96 bytes)
Event: 3.279 Thread 0x0000000018af2800 nmethod 2891 0x0000000003922490 code [0x0000000003922640, 0x0000000003922a88]
Event: 3.280 Thread 0x0000000018af2000 2896       4       java.lang.AbstractStringBuilder::append (62 bytes)
Event: 3.280 Thread 0x0000000018aee000 2897       4       java.util.Arrays::binarySearch0 (95 bytes)
Event: 3.282 Thread 0x0000000018af2800 2901       3       org.codehaus.groovy.util.ComplexKeyHashMap$1::<init> (64 bytes)
Event: 3.282 Thread 0x0000000018af2800 nmethod 2901 0x0000000003922bd0 code [0x0000000003922d40, 0x0000000003923070]
Event: 3.282 Thread 0x0000000018af2800 2900       3       org.codehaus.groovy.util.ComplexKeyHashMap::getEntrySetIterator (9 bytes)
Event: 3.283 Thread 0x0000000018af2800 nmethod 2900 0x00000000039231d0 code [0x0000000003923340, 0x0000000003923528]
Event: 3.283 Thread 0x0000000018af2800 2902       3       org.codehaus.groovy.util.SingleKeyHashMap::<init> (5 bytes)
Event: 3.283 Thread 0x0000000018af2800 nmethod 2902 0x00000000039235d0 code [0x0000000003923740, 0x0000000003923ad0]

GC Heap History (10 events):
Event: 1.931 GC heap before
{Heap before GC invocations=4 (full 0):
 PSYoungGen      total 38400K, used 38377K [0x00000000e0000000, 0x00000000e2a80000, 0x0000000100000000)
  eden space 33280K, 100% used [0x00000000e0000000,0x00000000e2080000,0x00000000e2080000)
  from space 5120K, 99% used [0x00000000e2080000,0x00000000e257a568,0x00000000e2580000)
  to   space 5120K, 0% used [0x00000000e2580000,0x00000000e2580000,0x00000000e2a80000)
 ParOldGen       total 87552K, used 2170K [0x00000000a0000000, 0x00000000a5580000, 0x00000000e0000000)
  object space 87552K, 2% used [0x00000000a0000000,0x00000000a021ea60,0x00000000a5580000)
 Metaspace       used 16682K, capacity 17002K, committed 17280K, reserved 1064960K
  class space    used 2473K, capacity 2647K, committed 2688K, reserved 1048576K
Event: 1.941 GC heap after
Heap after GC invocations=4 (full 0):
 PSYoungGen      total 38400K, used 5104K [0x00000000e0000000, 0x00000000e4b00000, 0x0000000100000000)
  eden space 33280K, 0% used [0x00000000e0000000,0x00000000e0000000,0x00000000e2080000)
  from space 5120K, 99% used [0x00000000e2580000,0x00000000e2a7c010,0x00000000e2a80000)
  to   space 5120K, 0% used [0x00000000e2080000,0x00000000e2080000,0x00000000e2580000)
 ParOldGen       total 87552K, used 5349K [0x00000000a0000000, 0x00000000a5580000, 0x00000000e0000000)
  object space 87552K, 6% used [0x00000000a0000000,0x00000000a0539540,0x00000000a5580000)
 Metaspace       used 16682K, capacity 17002K, committed 17280K, reserved 1064960K
  class space    used 2473K, capacity 2647K, committed 2688K, reserved 1048576K
}
Event: 2.233 GC heap before
{Heap before GC invocations=5 (full 0):
 PSYoungGen      total 38400K, used 37168K [0x00000000e0000000, 0x00000000e4b00000, 0x0000000100000000)
  eden space 33280K, 96% used [0x00000000e0000000,0x00000000e1f502b0,0x00000000e2080000)
  from space 5120K, 99% used [0x00000000e2580000,0x00000000e2a7c010,0x00000000e2a80000)
  to   space 5120K, 0% used [0x00000000e2080000,0x00000000e2080000,0x00000000e2580000)
 ParOldGen       total 87552K, used 5349K [0x00000000a0000000, 0x00000000a5580000, 0x00000000e0000000)
  object space 87552K, 6% used [0x00000000a0000000,0x00000000a0539540,0x00000000a5580000)
 Metaspace       used 20760K, capacity 21212K, committed 21296K, reserved 1067008K
  class space    used 2980K, capacity 3182K, committed 3200K, reserved 1048576K
Event: 2.239 GC heap after
Heap after GC invocations=5 (full 0):
 PSYoungGen      total 38400K, used 5104K [0x00000000e0000000, 0x00000000e5700000, 0x0000000100000000)
  eden space 33280K, 0% used [0x00000000e0000000,0x00000000e0000000,0x00000000e2080000)
  from space 5120K, 99% used [0x00000000e2080000,0x00000000e257c030,0x00000000e2580000)
  to   space 11264K, 0% used [0x00000000e4c00000,0x00000000e4c00000,0x00000000e5700000)
 ParOldGen       total 87552K, used 9645K [0x00000000a0000000, 0x00000000a5580000, 0x00000000e0000000)
  object space 87552K, 11% used [0x00000000a0000000,0x00000000a096b600,0x00000000a5580000)
 Metaspace       used 20760K, capacity 21212K, committed 21296K, reserved 1067008K
  class space    used 2980K, capacity 3182K, committed 3200K, reserved 1048576K
}
Event: 2.239 GC heap before
{Heap before GC invocations=6 (full 1):
 PSYoungGen      total 38400K, used 5104K [0x00000000e0000000, 0x00000000e5700000, 0x0000000100000000)
  eden space 33280K, 0% used [0x00000000e0000000,0x00000000e0000000,0x00000000e2080000)
  from space 5120K, 99% used [0x00000000e2080000,0x00000000e257c030,0x00000000e2580000)
  to   space 11264K, 0% used [0x00000000e4c00000,0x00000000e4c00000,0x00000000e5700000)
 ParOldGen       total 87552K, used 9645K [0x00000000a0000000, 0x00000000a5580000, 0x00000000e0000000)
  object space 87552K, 11% used [0x00000000a0000000,0x00000000a096b600,0x00000000a5580000)
 Metaspace       used 20760K, capacity 21212K, committed 21296K, reserved 1067008K
  class space    used 2980K, capacity 3182K, committed 3200K, reserved 1048576K
Event: 2.262 GC heap after
Heap after GC invocations=6 (full 1):
 PSYoungGen      total 38400K, used 0K [0x00000000e0000000, 0x00000000e5700000, 0x0000000100000000)
  eden space 33280K, 0% used [0x00000000e0000000,0x00000000e0000000,0x00000000e2080000)
  from space 5120K, 0% used [0x00000000e2080000,0x00000000e2080000,0x00000000e2580000)
  to   space 11264K, 0% used [0x00000000e4c00000,0x00000000e4c00000,0x00000000e5700000)
 ParOldGen       total 61440K, used 9597K [0x00000000a0000000, 0x00000000a3c00000, 0x00000000e0000000)
  object space 61440K, 15% used [0x00000000a0000000,0x00000000a095f658,0x00000000a3c00000)
 Metaspace       used 20760K, capacity 21212K, committed 21296K, reserved 1067008K
  class space    used 2980K, capacity 3182K, committed 3200K, reserved 1048576K
}
Event: 2.538 GC heap before
{Heap before GC invocations=7 (full 1):
 PSYoungGen      total 38400K, used 33280K [0x00000000e0000000, 0x00000000e5700000, 0x0000000100000000)
  eden space 33280K, 100% used [0x00000000e0000000,0x00000000e2080000,0x00000000e2080000)
  from space 5120K, 0% used [0x00000000e2080000,0x00000000e2080000,0x00000000e2580000)
  to   space 11264K, 0% used [0x00000000e4c00000,0x00000000e4c00000,0x00000000e5700000)
 ParOldGen       total 61440K, used 9597K [0x00000000a0000000, 0x00000000a3c00000, 0x00000000e0000000)
  object space 61440K, 15% used [0x00000000a0000000,0x00000000a095f658,0x00000000a3c00000)
 Metaspace       used 24838K, capacity 25286K, committed 25472K, reserved 1071104K
  class space    used 3504K, capacity 3702K, committed 3712K, reserved 1048576K
Event: 2.543 GC heap after
Heap after GC invocations=7 (full 1):
 PSYoungGen      total 58880K, used 4098K [0x00000000e0000000, 0x00000000e5080000, 0x0000000100000000)
  eden space 54272K, 0% used [0x00000000e0000000,0x00000000e0000000,0x00000000e3500000)
  from space 4608K, 88% used [0x00000000e4c00000,0x00000000e50008e0,0x00000000e5080000)
  to   space 11264K, 0% used [0x00000000e3a80000,0x00000000e3a80000,0x00000000e4580000)
 ParOldGen       total 61440K, used 9605K [0x00000000a0000000, 0x00000000a3c00000, 0x00000000e0000000)
  object space 61440K, 15% used [0x00000000a0000000,0x00000000a0961658,0x00000000a3c00000)
 Metaspace       used 24838K, capacity 25286K, committed 25472K, reserved 1071104K
  class space    used 3504K, capacity 3702K, committed 3712K, reserved 1048576K
}
Event: 2.946 GC heap before
{Heap before GC invocations=8 (full 1):
 PSYoungGen      total 58880K, used 58370K [0x00000000e0000000, 0x00000000e5080000, 0x0000000100000000)
  eden space 54272K, 100% used [0x00000000e0000000,0x00000000e3500000,0x00000000e3500000)
  from space 4608K, 88% used [0x00000000e4c00000,0x00000000e50008e0,0x00000000e5080000)
  to   space 11264K, 0% used [0x00000000e3a80000,0x00000000e3a80000,0x00000000e4580000)
 ParOldGen       total 61440K, used 9605K [0x00000000a0000000, 0x00000000a3c00000, 0x00000000e0000000)
  object space 61440K, 15% used [0x00000000a0000000,0x00000000a0961658,0x00000000a3c00000)
 Metaspace       used 28597K, capacity 29078K, committed 29184K, reserved 1075200K
  class space    used 4062K, capacity 4260K, committed 4352K, reserved 1048576K
Event: 2.954 GC heap after
Heap after GC invocations=8 (full 1):
 PSYoungGen      total 71168K, used 6926K [0x00000000e0000000, 0x00000000e6b80000, 0x0000000100000000)
  eden space 59904K, 0% used [0x00000000e0000000,0x00000000e0000000,0x00000000e3a80000)
  from space 11264K, 61% used [0x00000000e3a80000,0x00000000e4143a68,0x00000000e4580000)
  to   space 10752K, 0% used [0x00000000e6100000,0x00000000e6100000,0x00000000e6b80000)
 ParOldGen       total 61440K, used 9613K [0x00000000a0000000, 0x00000000a3c00000, 0x00000000e0000000)
  object space 61440K, 15% used [0x00000000a0000000,0x00000000a0963658,0x00000000a3c00000)
 Metaspace       used 28597K, capacity 29078K, committed 29184K, reserved 1075200K
  class space    used 4062K, capacity 4260K, committed 4352K, reserved 1048576K
}

Deoptimization events (10 events):
Event: 2.545 Thread 0x0000000018dfd000 Uncommon trap: reason=unstable_if action=reinterpret pc=0x000000000316a2b8 method=java.util.HashMap.getNode(ILjava/lang/Object;)Ljava/util/HashMap$Node; @ 53
Event: 2.545 Thread 0x0000000018dfd000 Uncommon trap: reason=unstable_if action=reinterpret pc=0x000000000333848c method=java.util.HashMap.hash(Ljava/lang/Object;)I @ 1
Event: 2.545 Thread 0x0000000018dfd000 Uncommon trap: reason=unstable_if action=reinterpret pc=0x000000000333c61c method=java.util.HashMap.putVal(ILjava/lang/Object;Ljava/lang/Object;ZZ)Ljava/lang/Object; @ 85
Event: 2.553 Thread 0x0000000018dfd000 Uncommon trap: reason=unstable_if action=reinterpret pc=0x00000000031c9230 method=java.util.LinkedHashMap.afterNodeInsertion(Z)V @ 1
Event: 2.689 Thread 0x0000000018dfd000 Uncommon trap: reason=class_check action=maybe_recompile pc=0x00000000034d36f8 method=sun.misc.URLClassPath.getLoader(I)Lsun/misc/URLClassPath$Loader; @ 94
Event: 2.692 Thread 0x0000000018dfd000 Uncommon trap: reason=class_check action=maybe_recompile pc=0x00000000034d0df0 method=sun.misc.URLClassPath.getLoader(I)Lsun/misc/URLClassPath$Loader; @ 239
Event: 2.760 Thread 0x0000000018dfd000 Uncommon trap: reason=unstable_if action=reinterpret pc=0x00000000031a58cc method=java.io.WinNTFileSystem.resolve(Ljava/lang/String;Ljava/lang/String;)Ljava/lang/String; @ 49
Event: 3.144 Thread 0x0000000018dfd000 Uncommon trap: reason=unstable_if action=reinterpret pc=0x0000000003858cd8 method=java.util.concurrent.ConcurrentHashMap.get(Ljava/lang/Object;)Ljava/lang/Object; @ 152
Event: 3.144 Thread 0x0000000018dfd000 Uncommon trap: reason=class_check action=maybe_recompile pc=0x0000000003402ea0 method=java.util.concurrent.ConcurrentHashMap.putVal(Ljava/lang/Object;Ljava/lang/Object;Z)Ljava/lang/Object; @ 192
Event: 3.144 Thread 0x0000000018dfd000 Uncommon trap: reason=class_check action=maybe_recompile pc=0x0000000003402ea0 method=java.util.concurrent.ConcurrentHashMap.putVal(Ljava/lang/Object;Ljava/lang/Object;Z)Ljava/lang/Object; @ 192

Classes redefined (0 events):
No events

Internal exceptions (10 events):
Event: 2.793 Thread 0x0000000018dfd000 Exception <a 'java/lang/ClassNotFoundException': org/gradle/api/internal/DefaultNamedDomainObjectListCustomizer> (0x00000000e1c92f08) thrown at [C:\re\workspace\8-2-build-windows-amd64-cygwin\jdk8u202\12323\hotspot\src\share\vm\classfile\systemDictionary.
Event: 2.795 Thread 0x0000000018dfd000 Exception <a 'java/lang/ClassNotFoundException': org/gradle/api/internal/artifacts/DefaultArtifactRepositoryContainerCustomizer> (0x00000000e1d06ae0) thrown at [C:\re\workspace\8-2-build-windows-amd64-cygwin\jdk8u202\12323\hotspot\src\share\vm\classfile\s
Event: 2.797 Thread 0x0000000018dfd000 Exception <a 'java/lang/ClassNotFoundException': org/gradle/api/internal/artifacts/dsl/DefaultRepositoryHandlerCustomizer> (0x00000000e1d6cc88) thrown at [C:\re\workspace\8-2-build-windows-amd64-cygwin\jdk8u202\12323\hotspot\src\share\vm\classfile\systemD
Event: 2.799 Thread 0x0000000018dfd000 Exception <a 'java/lang/ClassNotFoundException': org/gradle/api/internal/artifacts/dsl/DefaultRepositoryHandler_DecoratedCustomizer> (0x00000000e1ddc1f0) thrown at [C:\re\workspace\8-2-build-windows-amd64-cygwin\jdk8u202\12323\hotspot\src\share\vm\classfi
Event: 2.972 Thread 0x0000000018dfd000 Exception <a 'java/lang/ClassNotFoundException': org/gradle/api/internal/artifacts/dsl/dependencies/DefaultDependencyHandler_DecoratedBeanInfo> (0x00000000e02c1c80) thrown at [C:\re\workspace\8-2-build-windows-amd64-cygwin\jdk8u202\12323\hotspot\src\share
Event: 2.973 Thread 0x0000000018dfd000 Exception <a 'java/lang/ClassNotFoundException': org/gradle/api/internal/artifacts/dsl/dependencies/DefaultDependencyHandlerBeanInfo> (0x00000000e0313fe8) thrown at [C:\re\workspace\8-2-build-windows-amd64-cygwin\jdk8u202\12323\hotspot\src\share\vm\classf
Event: 2.973 Thread 0x0000000018dfd000 Exception <a 'java/lang/ClassNotFoundException': org/gradle/api/internal/artifacts/dsl/dependencies/DefaultDependencyHandlerCustomizer> (0x00000000e03672b0) thrown at [C:\re\workspace\8-2-build-windows-amd64-cygwin\jdk8u202\12323\hotspot\src\share\vm\clas
Event: 2.975 Thread 0x0000000018dfd000 Exception <a 'java/lang/ClassNotFoundException': org/gradle/api/internal/artifacts/dsl/dependencies/DefaultDependencyHandler_DecoratedCustomizer> (0x00000000e03e18a8) thrown at [C:\re\workspace\8-2-build-windows-amd64-cygwin\jdk8u202\12323\hotspot\src\sha
Event: 3.281 Thread 0x0000000018dfd000 Exception <a 'java/lang/ClassNotFoundException': build_dycd5z283kq47zd92uiyqzzvjBeanInfo> (0x00000000e2bf79a0) thrown at [C:\re\workspace\8-2-build-windows-amd64-cygwin\jdk8u202\12323\hotspot\src\share\vm\classfile\systemDictionary.cpp, line 210]
Event: 3.282 Thread 0x0000000018dfd000 Exception <a 'java/lang/ClassNotFoundException': build_dycd5z283kq47zd92uiyqzzvjCustomizer> (0x00000000e2c02698) thrown at [C:\re\workspace\8-2-build-windows-amd64-cygwin\jdk8u202\12323\hotspot\src\share\vm\classfile\systemDictionary.cpp, line 210]

Events (10 events):
Event: 3.281 Executing VM operation: ForceSafepoint
Event: 3.281 Executing VM operation: ForceSafepoint done
Event: 3.281 loading class build_dycd5z283kq47zd92uiyqzzvjBeanInfo
Event: 3.281 loading class build_dycd5z283kq47zd92uiyqzzvjBeanInfo done
Event: 3.281 loading class build_dycd5z283kq47zd92uiyqzzvjBeanInfo
Event: 3.281 loading class build_dycd5z283kq47zd92uiyqzzvjBeanInfo done
Event: 3.281 loading class build_dycd5z283kq47zd92uiyqzzvjCustomizer
Event: 3.281 loading class build_dycd5z283kq47zd92uiyqzzvjCustomizer done
Event: 3.282 loading class build_dycd5z283kq47zd92uiyqzzvjCustomizer
Event: 3.282 loading class build_dycd5z283kq47zd92uiyqzzvjCustomizer done


Dynamic libraries:
0x00007ff66d4d0000 - 0x00007ff66d507000 	C:\Program Files\Java\jdk1.8.0_202\bin\java.exe
0x00007fff101a0000 - 0x00007fff10390000 	C:\WINDOWS\SYSTEM32\ntdll.dll
0x00007fff0f670000 - 0x00007fff0f722000 	C:\WINDOWS\System32\KERNEL32.DLL
0x00007fff0ddd0000 - 0x00007fff0e073000 	C:\WINDOWS\System32\KERNELBASE.dll
0x00007fff0ed60000 - 0x00007fff0ee03000 	C:\WINDOWS\System32\ADVAPI32.dll
0x00007fff0f5d0000 - 0x00007fff0f66e000 	C:\WINDOWS\System32\msvcrt.dll
0x00007fff0e3f0000 - 0x00007fff0e487000 	C:\WINDOWS\System32\sechost.dll
0x00007fff0f9c0000 - 0x00007fff0fae0000 	C:\WINDOWS\System32\RPCRT4.dll
0x00007fff0fae0000 - 0x00007fff0fc74000 	C:\WINDOWS\System32\USER32.dll
0x00007fff0d320000 - 0x00007fff0d341000 	C:\WINDOWS\System32\win32u.dll
0x00007fff0eb00000 - 0x00007fff0eb26000 	C:\WINDOWS\System32\GDI32.dll
0x00007fff0d180000 - 0x00007fff0d314000 	C:\WINDOWS\System32\gdi32full.dll
0x00007fff0e180000 - 0x00007fff0e21e000 	C:\WINDOWS\System32\msvcp_win.dll
0x00007fff0e080000 - 0x00007fff0e17a000 	C:\WINDOWS\System32\ucrtbase.dll
0x00007ffef0a30000 - 0x00007ffef0cb5000 	C:\WINDOWS\WinSxS\amd64_microsoft.windows.common-controls_6595b64144ccf1df_6.0.18362.418_none_e6c6b287130d565d\COMCTL32.dll
0x00007fff0e490000 - 0x00007fff0e7c6000 	C:\WINDOWS\System32\combase.dll
0x00007fff0dbe0000 - 0x00007fff0dc60000 	C:\WINDOWS\System32\bcryptPrimitives.dll
0x00007fff0e7d0000 - 0x00007fff0e7fe000 	C:\WINDOWS\System32\IMM32.DLL
0x00000000583a0000 - 0x0000000058472000 	C:\Program Files\Java\jdk1.8.0_202\jre\bin\msvcr100.dll
0x0000000057af0000 - 0x0000000058395000 	C:\Program Files\Java\jdk1.8.0_202\jre\bin\server\jvm.dll
0x00007fff0f5c0000 - 0x00007fff0f5c8000 	C:\WINDOWS\System32\PSAPI.DLL
0x00007fff0c1b0000 - 0x00007fff0c1ba000 	C:\WINDOWS\SYSTEM32\VERSION.dll
0x00007fff05250000 - 0x00007fff05259000 	C:\WINDOWS\SYSTEM32\WSOCK32.dll
0x00007fff0ab20000 - 0x00007fff0ab44000 	C:\WINDOWS\SYSTEM32\WINMM.dll
0x00007fff100f0000 - 0x00007fff1015f000 	C:\WINDOWS\System32\WS2_32.dll
0x00007fff0a6a0000 - 0x00007fff0a6cd000 	C:\WINDOWS\SYSTEM32\WINMMBASE.dll
0x00007fff0d130000 - 0x00007fff0d17a000 	C:\WINDOWS\System32\cfgmgr32.dll
0x00007ffeff950000 - 0x00007ffeff95f000 	C:\Program Files\Java\jdk1.8.0_202\jre\bin\verify.dll
0x00007ffeff920000 - 0x00007ffeff949000 	C:\Program Files\Java\jdk1.8.0_202\jre\bin\java.dll
0x00007ffeff900000 - 0x00007ffeff916000 	C:\Program Files\Java\jdk1.8.0_202\jre\bin\zip.dll
0x00007fff0ee10000 - 0x00007fff0f4f5000 	C:\WINDOWS\System32\SHELL32.dll
0x00007fff0e2c0000 - 0x00007fff0e369000 	C:\WINDOWS\System32\shcore.dll
0x00007fff0d3b0000 - 0x00007fff0db2f000 	C:\WINDOWS\System32\windows.storage.dll
0x00007fff0d0a0000 - 0x00007fff0d0bf000 	C:\WINDOWS\System32\profapi.dll
0x00007fff0d0c0000 - 0x00007fff0d10a000 	C:\WINDOWS\System32\powrprof.dll
0x00007fff0d070000 - 0x00007fff0d080000 	C:\WINDOWS\System32\UMPDC.dll
0x00007fff0e260000 - 0x00007fff0e2b2000 	C:\WINDOWS\System32\shlwapi.dll
0x00007fff0d080000 - 0x00007fff0d091000 	C:\WINDOWS\System32\kernel.appcore.dll
0x00007fff0ddb0000 - 0x00007fff0ddc7000 	C:\WINDOWS\System32\cryptsp.dll
0x00007ffeff8e0000 - 0x00007ffeff8fa000 	C:\Program Files\Java\jdk1.8.0_202\jre\bin\net.dll
0x00007ffefed40000 - 0x00007ffefef16000 	C:\WINDOWS\SYSTEM32\urlmon.dll
0x00007ffefe9a0000 - 0x00007ffefec46000 	C:\WINDOWS\SYSTEM32\iertutil.dll
0x00007fff0c9b0000 - 0x00007fff0c9bc000 	C:\WINDOWS\SYSTEM32\CRYPTBASE.DLL
0x00007fff0c830000 - 0x00007fff0c897000 	C:\WINDOWS\system32\mswsock.dll
0x00007ffeff8c0000 - 0x00007ffeff8d2000 	C:\Program Files\Java\jdk1.8.0_202\jre\bin\nio.dll
0x00007ffedf970000 - 0x00007ffedf98e000 	C:\Users\Shubham\.gradle\native\25\windows-amd64\native-platform.dll
0x00007ffeff8b0000 - 0x00007ffeff8bd000 	C:\Program Files\Java\jdk1.8.0_202\jre\bin\management.dll
0x00007fff0c3b0000 - 0x00007fff0c3e3000 	C:\WINDOWS\system32\rsaenh.dll
0x00007fff0e220000 - 0x00007fff0e246000 	C:\WINDOWS\System32\bcrypt.dll
0x00007fff0cf90000 - 0x00007fff0cfb5000 	C:\WINDOWS\SYSTEM32\USERENV.dll
0x00007fff0c550000 - 0x00007fff0c58a000 	C:\WINDOWS\SYSTEM32\IPHLPAPI.DLL
0x00007fff0e250000 - 0x00007fff0e258000 	C:\WINDOWS\System32\NSI.dll
0x00007fff03c80000 - 0x00007fff03c96000 	C:\WINDOWS\SYSTEM32\dhcpcsvc6.DLL
0x00007fff03e90000 - 0x00007fff03eac000 	C:\WINDOWS\SYSTEM32\dhcpcsvc.DLL
0x00007fff0c590000 - 0x00007fff0c65a000 	C:\WINDOWS\SYSTEM32\DNSAPI.dll

VM Arguments:
jvm_args: -Xmx1536m -Dfile.encoding=windows-1252 -Duser.country=US -Duser.language=en -Duser.variant 
java_command: org.gradle.launcher.daemon.bootstrap.GradleDaemon 4.10.1
java_class_path (initial): C:\Users\Shubham\.gradle\wrapper\dists\gradle-4.10.1-all\455itskqi2qtf0v2sja68alqd\gradle-4.10.1\lib\gradle-launcher-4.10.1.jar
Launcher Type: SUN_STANDARD

Environment Variables:
JAVA_HOME=C:\Program Files\AdoptOpenJDK\jdk-12.0.2.10-openj9\
PATH=C:\ProgramData\DockerDesktop\version-bin;C:\Program Files\Docker\Docker\Resources\bin;C:\Program Files\AdoptOpenJDK\jdk-12.0.2.10-openj9\bin;C:\Program Files (x86)\Common Files\Oracle\Java\javapath;C:\oraclexe\app\oracle\product\11.2.0\server\bin;C:\Program Files (x86)\Intel\Intel(R) Management Engine Components\iCLS\;C:\Program Files\Intel\Intel(R) Management Engine Components\iCLS\;C:\WINDOWS\system32;C:\WINDOWS;C:\WINDOWS\System32\Wbem;C:\WINDOWS\System32\WindowsPowerShell\v1.0\;C:\WINDOWS\System32\OpenSSH\;C:\Program Files\Microsoft VS Code\bin;C:\Program Files\Java\jdk-10.0.2\bin;C:\Program Files (x86)\Intel\Intel(R) Management Engine Components\DAL;C:\Program Files\Intel\Intel(R) Management Engine Components\DAL;C:\Program Files (x86)\Intel\Intel(R) Management Engine Components\IPT;C:\Program Files\Intel\Intel(R) Management Engine Components\IPT;C:\Program Files (x86)\PharosSystems\Core;C:\Program Files\Git\cmd;C:\Program Files\PuTTY\;C:\Users\Shubham\Miniconda3;C:\Users\Shubham\Miniconda3\Library\mingw-w64\bin;C:\Users\Shubham\Miniconda3\Library\usr\bin;C:\Users\Shubham\Miniconda3\Library\bin;C:\Users\Shubham\Miniconda3\Scripts;C:\Users\Shubham\AppData\Local\Microsoft\WindowsApps;C:\Program Files\Java\jdk1.8.0_202\bin;C:\Program Files\heroku\bin
USERNAME=Shubham
OS=Windows_NT
PROCESSOR_IDENTIFIER=Intel64 Family 6 Model 142 Stepping 10, GenuineIntel



---------------  S Y S T E M  ---------------

OS: Windows 10.0 , 64 bit Build 18362 (10.0.18362.329)

CPU:total 8 (initial active 8) (4 cores per cpu, 2 threads per core) family 6 model 142 stepping 10, cmov, cx8, fxsr, mmx, sse, sse2, sse3, ssse3, sse4.1, sse4.2, popcnt, avx, avx2, aes, clmul, erms, 3dnowpref, lzcnt, ht, tsc, tscinvbit, bmi1, bmi2, adx

Memory: 4k page, physical 8260324k(488632k free), swap 10210020k(5524k free)

vm_info: Java HotSpot(TM) 64-Bit Server VM (25.202-b08) for windows-amd64 JRE (1.8.0_202-b08), built on Dec 15 2018 19:54:30 by "java_re" with MS VC++ 10.0 (VS2010)

time: Sun Nov 10 13:58:37 2019
timezone: Eastern Standard Time
elapsed time: 3 seconds (0d 0h 0m 3s)

