#
# There is insufficient memory for the Java Runtime Environment to continue.
# Native memory allocation (malloc) failed to allocate 32744 bytes for ChunkPool::allocate
# Possible reasons:
#   The system is out of physical RAM or swap space
#   The process is running with CompressedOops enabled, and the Java Heap may be blocking the growth of the native heap
# Possible solutions:
#   Reduce memory load on the system
#   Increase physical memory or swap space
#   Check if swap backing store is full
#   Decrease Java heap size (-Xmx/-Xms)
#   Decrease number of Java threads
#   Decrease Java thread stack sizes (-Xss)
#   Set larger code cache with -XX:ReservedCodeCacheSize=
#   JVM is running with Unscaled Compressed Oops mode in which the Java heap is
#     placed in the first 4GB address space. The Java Heap base address is the
#     maximum limit for the native heap growth. Please use -XX:HeapBaseMinAddress
#     to set the Java Heap base and to place the Java Heap above 4GB virtual address.
# This output file may be truncated or incomplete.
#
#  Out of Memory Error (allocation.cpp:272), pid=13908, tid=0x0000000000002024
#
# JRE version: Java(TM) SE Runtime Environment (8.0_202-b08) (build 1.8.0_202-b08)
# Java VM: Java HotSpot(TM) 64-Bit Server VM (25.202-b08 mixed mode windows-amd64 compressed oops)
# Failed to write core dump. Minidumps are not enabled by default on client versions of Windows
#

---------------  T H R E A D  ---------------

Current thread (0x00000000187ee800):  JavaThread "C2 CompilerThread1" daemon [_thread_in_native, id=8228, stack(0x00000000191c0000,0x00000000192c0000)]

Stack: [0x00000000191c0000,0x00000000192c0000]
[error occurred during error reporting (printing stack bounds), id 0xc0000005]

Native frames: (J=compiled Java code, j=interpreted, Vv=VM code, C=native code)


Current CompileTask:
C2:   1828 1339       4       java.net.URLClassLoader$1::run (5 bytes)


---------------  P R O C E S S  ---------------

Java Threads: ( => current thread )
  0x000000001ad42800 JavaThread "File lock request listener" [_thread_in_native, id=7072, stack(0x000000001d3e0000,0x000000001d4e0000)]
  0x000000001ad3e000 JavaThread "Cache worker for file hash cache (C:\Users\Shubham\.gradle\caches\4.10.1\fileHashes)" [_thread_blocked, id=6404, stack(0x000000001d2e0000,0x000000001d3e0000)]
  0x000000001a8a2800 JavaThread "Stdin handler" [_thread_blocked, id=6300, stack(0x000000001c010000,0x000000001c110000)]
  0x000000001a89f000 JavaThread "Asynchronous log dispatcher for DefaultDaemonConnection: socket connection from /127.0.0.1:51166 to /127.0.0.1:51167" [_thread_blocked, id=6604, stack(0x000000001be10000,0x000000001bf10000)]
  0x000000001a8a7000 JavaThread "Daemon worker" [_thread_blocked, id=6368, stack(0x000000001bb10000,0x000000001bc10000)]
  0x000000001a8a6000 JavaThread "Cancel handler" [_thread_blocked, id=6112, stack(0x000000001ba10000,0x000000001bb10000)]
  0x00000000198c8000 JavaThread "Handler for socket connection from /127.0.0.1:51166 to /127.0.0.1:51167" [_thread_in_native, id=6444, stack(0x000000001b910000,0x000000001ba10000)]
  0x0000000019708000 JavaThread "Daemon" [_thread_blocked, id=12316, stack(0x000000001b810000,0x000000001b910000)]
  0x0000000018ad8800 JavaThread "Daemon periodic checks" [_thread_blocked, id=6240, stack(0x000000001b710000,0x000000001b810000)]
  0x0000000018b27800 JavaThread "Incoming local TCP Connector on port 51166" [_thread_in_native, id=6256, stack(0x000000001b4d0000,0x000000001b5d0000)]
  0x000000001a925800 JavaThread "Daemon health stats" [_thread_blocked, id=6296, stack(0x000000001ae90000,0x000000001af90000)]
  0x0000000018880800 JavaThread "Service Thread" daemon [_thread_blocked, id=9872, stack(0x00000000194c0000,0x00000000195c0000)]
  0x00000000187f8800 JavaThread "C1 CompilerThread3" daemon [_thread_blocked, id=12756, stack(0x00000000193c0000,0x00000000194c0000)]
  0x00000000187f1000 JavaThread "C2 CompilerThread2" daemon [_thread_in_native, id=4496, stack(0x00000000192c0000,0x00000000193c0000)]
=>0x00000000187ee800 JavaThread "C2 CompilerThread1" daemon [_thread_in_native, id=8228, stack(0x00000000191c0000,0x00000000192c0000)]
  0x00000000187e9800 JavaThread "C2 CompilerThread0" daemon [_thread_in_native, id=9352, stack(0x00000000190c0000,0x00000000191c0000)]
  0x00000000187e8000 JavaThread "Attach Listener" daemon [_thread_blocked, id=9632, stack(0x0000000018fc0000,0x00000000190c0000)]
  0x00000000169fe000 JavaThread "Signal Dispatcher" daemon [_thread_blocked, id=9396, stack(0x0000000018ec0000,0x0000000018fc0000)]
  0x0000000002c29000 JavaThread "Finalizer" daemon [_thread_blocked, id=7964, stack(0x0000000018cc0000,0x0000000018dc0000)]
  0x00000000169ed800 JavaThread "Reference Handler" daemon [_thread_blocked, id=5324, stack(0x0000000018bc0000,0x0000000018cc0000)]
  0x0000000002b32800 JavaThread "main" [_thread_blocked, id=8792, stack(0x0000000002970000,0x0000000002a70000)]

Other Threads:
  0x00000000169e8800 VMThread [stack: 0x00000000186c0000,0x00000000187c0000] [id=9472]
  0x00000000188a1800 WatcherThread [stack: 0x00000000195c0000,0x00000000196c0000] [id=6212]

VM state:at safepoint (normal execution)

VM Mutex/Monitor currently owned by a thread:  ([mutex/lock_event])
[0x0000000002afdb30] Threads_lock - owner thread: 0x00000000169e8800
[0x0000000002afd630] Heap_lock - owner thread: 0x000000001a8a7000

heap address: 0x00000000a0000000, size: 1536 MB, Compressed Oops mode: 32-bit
Narrow klass base: 0x0000000000000000, Narrow klass shift: 3
Compressed class space size: 1073741824 Address: 0x0000000100000000

Heap:
 PSYoungGen      total 38400K, used 5120K [0x00000000e0000000, 0x00000000e2a80000, 0x0000000100000000)
  eden space 33280K, 0% used [0x00000000e0000000,0x00000000e0000000,0x00000000e2080000)
  from space 5120K, 100% used [0x00000000e2580000,0x00000000e2a80000,0x00000000e2a80000)
  to   space 5120K, 0% used [0x00000000e2080000,0x00000000e2080000,0x00000000e2580000)
 ParOldGen       total 87552K, used 3714K [0x00000000a0000000, 0x00000000a5580000, 0x00000000e0000000)
  object space 87552K, 4% used [0x00000000a0000000,0x00000000a03a0a00,0x00000000a5580000)
 Metaspace       used 15308K, capacity 15658K, committed 15744K, reserved 1067008K
  class space    used 2228K, capacity 2391K, committed 2432K, reserved 1048576K

Card table byte_map: [0x0000000011ff0000,0x0000000012300000] byte_map_base: 0x0000000011af0000

Marking Bits: (ParMarkBitMap*) 0x00000000611c5ce0
 Begin Bits: [0x0000000012d00000, 0x0000000014500000)
 End Bits:   [0x0000000014500000, 0x0000000015d00000)

Polling page: 0x0000000000c40000

CodeCache: size=245760Kb used=4976Kb max_used=4976Kb free=240783Kb
 bounds [0x0000000002c30000, 0x0000000003110000, 0x0000000011c30000]
 total_blobs=1835 nmethods=1456 adapters=291
 compilation: enabled

Compilation events (10 events):
Event: 1.815 Thread 0x00000000187f8800 1450       3       com.google.common.base.Splitter::omitEmptyStrings (21 bytes)
Event: 1.816 Thread 0x00000000187f8800 nmethod 1450 0x000000000310c750 code [0x000000000310c8c0, 0x000000000310cb70]
Event: 1.816 Thread 0x00000000187f8800 1452       3       com.google.common.base.Splitter::splittingIterator (12 bytes)
Event: 1.816 Thread 0x00000000187f8800 nmethod 1452 0x000000000310cc90 code [0x000000000310ce20, 0x000000000310d228]
Event: 1.816 Thread 0x00000000187f8800 1453       3       com.google.common.base.Splitter$1::iterator (7 bytes)
Event: 1.816 Thread 0x00000000187f8800 nmethod 1453 0x000000000310d450 code [0x000000000310d5c0, 0x000000000310d908]
Event: 1.816 Thread 0x00000000187f8800 1463       1       com.google.common.collect.RegularImmutableMap$NonTerminalMapEntry::getNextInKeyBucket (5 bytes)
Event: 1.816 Thread 0x00000000187f8800 nmethod 1463 0x000000000310da90 code [0x000000000310dbe0, 0x000000000310dcf0]
Event: 1.816 Thread 0x00000000187f8800 1420       1       java.nio.Buffer::capacity (5 bytes)
Event: 1.816 Thread 0x00000000187f8800 nmethod 1420 0x000000000310dd50 code [0x000000000310dea0, 0x000000000310dfb0]

GC Heap History (6 events):
Event: 0.505 GC heap before
{Heap before GC invocations=1 (full 0):
 PSYoungGen      total 38400K, used 33280K [0x00000000e0000000, 0x00000000e2a80000, 0x0000000100000000)
  eden space 33280K, 100% used [0x00000000e0000000,0x00000000e2080000,0x00000000e2080000)
  from space 5120K, 0% used [0x00000000e2580000,0x00000000e2580000,0x00000000e2a80000)
  to   space 5120K, 0% used [0x00000000e2080000,0x00000000e2080000,0x00000000e2580000)
 ParOldGen       total 87552K, used 0K [0x00000000a0000000, 0x00000000a5580000, 0x00000000e0000000)
  object space 87552K, 0% used [0x00000000a0000000,0x00000000a0000000,0x00000000a5580000)
 Metaspace       used 6559K, capacity 6704K, committed 6784K, reserved 1056768K
  class space    used 823K, capacity 876K, committed 896K, reserved 1048576K
Event: 0.509 GC heap after
Heap after GC invocations=1 (full 0):
 PSYoungGen      total 38400K, used 4083K [0x00000000e0000000, 0x00000000e2a80000, 0x0000000100000000)
  eden space 33280K, 0% used [0x00000000e0000000,0x00000000e0000000,0x00000000e2080000)
  from space 5120K, 79% used [0x00000000e2080000,0x00000000e247cc88,0x00000000e2580000)
  to   space 5120K, 0% used [0x00000000e2580000,0x00000000e2580000,0x00000000e2a80000)
 ParOldGen       total 87552K, used 8K [0x00000000a0000000, 0x00000000a5580000, 0x00000000e0000000)
  object space 87552K, 0% used [0x00000000a0000000,0x00000000a0002000,0x00000000a5580000)
 Metaspace       used 6559K, capacity 6704K, committed 6784K, reserved 1056768K
  class space    used 823K, capacity 876K, committed 896K, reserved 1048576K
}
Event: 0.742 GC heap before
{Heap before GC invocations=2 (full 0):
 PSYoungGen      total 38400K, used 37363K [0x00000000e0000000, 0x00000000e2a80000, 0x0000000100000000)
  eden space 33280K, 100% used [0x00000000e0000000,0x00000000e2080000,0x00000000e2080000)
  from space 5120K, 79% used [0x00000000e2080000,0x00000000e247cc88,0x00000000e2580000)
  to   space 5120K, 0% used [0x00000000e2580000,0x00000000e2580000,0x00000000e2a80000)
 ParOldGen       total 87552K, used 8K [0x00000000a0000000, 0x00000000a5580000, 0x00000000e0000000)
  object space 87552K, 0% used [0x00000000a0000000,0x00000000a0002000,0x00000000a5580000)
 Metaspace       used 9398K, capacity 9694K, committed 9984K, reserved 1058816K
  class space    used 1298K, capacity 1421K, committed 1536K, reserved 1048576K
Event: 0.747 GC heap after
Heap after GC invocations=2 (full 0):
 PSYoungGen      total 38400K, used 5043K [0x00000000e0000000, 0x00000000e2a80000, 0x0000000100000000)
  eden space 33280K, 0% used [0x00000000e0000000,0x00000000e0000000,0x00000000e2080000)
  from space 5120K, 98% used [0x00000000e2580000,0x00000000e2a6cd50,0x00000000e2a80000)
  to   space 5120K, 0% used [0x00000000e2080000,0x00000000e2080000,0x00000000e2580000)
 ParOldGen       total 87552K, used 16K [0x00000000a0000000, 0x00000000a5580000, 0x00000000e0000000)
  object space 87552K, 0% used [0x00000000a0000000,0x00000000a0004000,0x00000000a5580000)
 Metaspace       used 9398K, capacity 9694K, committed 9984K, reserved 1058816K
  class space    used 1298K, capacity 1421K, committed 1536K, reserved 1048576K
}
Event: 1.677 GC heap before
{Heap before GC invocations=3 (full 0):
 PSYoungGen      total 38400K, used 38323K [0x00000000e0000000, 0x00000000e2a80000, 0x0000000100000000)
  eden space 33280K, 100% used [0x00000000e0000000,0x00000000e2080000,0x00000000e2080000)
  from space 5120K, 98% used [0x00000000e2580000,0x00000000e2a6cd50,0x00000000e2a80000)
  to   space 5120K, 0% used [0x00000000e2080000,0x00000000e2080000,0x00000000e2580000)
 ParOldGen       total 87552K, used 16K [0x00000000a0000000, 0x00000000a5580000, 0x00000000e0000000)
  object space 87552K, 0% used [0x00000000a0000000,0x00000000a0004000,0x00000000a5580000)
 Metaspace       used 13683K, capacity 13948K, committed 14208K, reserved 1060864K
  class space    used 1971K, capacity 2094K, committed 2176K, reserved 1048576K
Event: 1.683 GC heap after
Heap after GC invocations=3 (full 0):
 PSYoungGen      total 38400K, used 5088K [0x00000000e0000000, 0x00000000e2a80000, 0x0000000100000000)
  eden space 33280K, 0% used [0x00000000e0000000,0x00000000e0000000,0x00000000e2080000)
  from space 5120K, 99% used [0x00000000e2080000,0x00000000e2578040,0x00000000e2580000)
  to   space 5120K, 0% used [0x00000000e2580000,0x00000000e2580000,0x00000000e2a80000)
 ParOldGen       total 87552K, used 2192K [0x00000000a0000000, 0x00000000a5580000, 0x00000000e0000000)
  object space 87552K, 2% used [0x00000000a0000000,0x00000000a0224360,0x00000000a5580000)
 Metaspace       used 13683K, capacity 13948K, committed 14208K, reserved 1060864K
  class space    used 1971K, capacity 2094K, committed 2176K, reserved 1048576K
}

Deoptimization events (10 events):
Event: 0.976 Thread 0x0000000002b32800 Uncommon trap: reason=unstable_if action=reinterpret pc=0x0000000002f634e4 method=java.io.WinNTFileSystem.normalize(Ljava/lang/String;II)Ljava/lang/String; @ 90
Event: 1.503 Thread 0x00000000198c8000 Uncommon trap: reason=unstable_if action=reinterpret pc=0x0000000003020eb0 method=java.util.concurrent.ConcurrentHashMap.putVal(Ljava/lang/Object;Ljava/lang/Object;Z)Ljava/lang/Object; @ 206
Event: 1.535 Thread 0x000000001a8a7000 Uncommon trap: reason=bimorphic action=maybe_recompile pc=0x0000000002eba260 method=java.util.HashMap.putVal(ILjava/lang/Object;Ljava/lang/Object;ZZ)Ljava/lang/Object; @ 253
Event: 1.535 Thread 0x000000001a8a7000 Uncommon trap: reason=bimorphic action=maybe_recompile pc=0x0000000002eba260 method=java.util.HashMap.putVal(ILjava/lang/Object;Ljava/lang/Object;ZZ)Ljava/lang/Object; @ 253
Event: 1.535 Thread 0x000000001a8a7000 Uncommon trap: reason=bimorphic action=maybe_recompile pc=0x0000000002eba260 method=java.util.HashMap.putVal(ILjava/lang/Object;Ljava/lang/Object;ZZ)Ljava/lang/Object; @ 253
Event: 1.722 Thread 0x000000001a8a7000 Uncommon trap: reason=class_check action=maybe_recompile pc=0x0000000002eeb884 method=java.util.regex.Matcher.match(II)Z @ 86
Event: 1.731 Thread 0x000000001a8a7000 Uncommon trap: reason=class_check action=maybe_recompile pc=0x0000000002eeb884 method=java.util.regex.Matcher.match(II)Z @ 86
Event: 1.732 Thread 0x000000001a8a7000 Uncommon trap: reason=class_check action=maybe_recompile pc=0x0000000002eeb884 method=java.util.regex.Matcher.match(II)Z @ 86
Event: 1.732 Thread 0x000000001a8a7000 Uncommon trap: reason=class_check action=maybe_recompile pc=0x0000000002eae91c method=java.util.regex.Matcher.match(II)Z @ 86
Event: 1.789 Thread 0x000000001a8a7000 Uncommon trap: reason=unstable_if action=reinterpret pc=0x00000000030622f4 method=java.lang.String.lastIndexOf([CII[CIII)I @ 66

Classes redefined (0 events):
No events

Internal exceptions (10 events):
Event: 1.505 Thread 0x00000000198c8000 Exception <a 'java/lang/NoSuchMethodError': <clinit>> (0x00000000e05e3880) thrown at [C:\re\workspace\8-2-build-windows-amd64-cygwin\jdk8u202\12323\hotspot\src\share\vm\prims\jni.cpp, line 1614]
Event: 1.506 Thread 0x00000000198c8000 Exception <a 'java/lang/NoSuchMethodError': <clinit>> (0x00000000e05ecf20) thrown at [C:\re\workspace\8-2-build-windows-amd64-cygwin\jdk8u202\12323\hotspot\src\share\vm\prims\jni.cpp, line 1614]
Event: 1.508 Thread 0x00000000198c8000 Exception <a 'java/lang/NoSuchMethodError': <clinit>> (0x00000000e0614a78) thrown at [C:\re\workspace\8-2-build-windows-amd64-cygwin\jdk8u202\12323\hotspot\src\share\vm\prims\jni.cpp, line 1614]
Event: 1.509 Thread 0x00000000198c8000 Exception <a 'java/lang/NoSuchMethodError': <clinit>> (0x00000000e062cd00) thrown at [C:\re\workspace\8-2-build-windows-amd64-cygwin\jdk8u202\12323\hotspot\src\share\vm\prims\jni.cpp, line 1614]
Event: 1.509 Thread 0x00000000198c8000 Exception <a 'java/lang/NoSuchMethodError': <clinit>> (0x00000000e0635990) thrown at [C:\re\workspace\8-2-build-windows-amd64-cygwin\jdk8u202\12323\hotspot\src\share\vm\prims\jni.cpp, line 1614]
Event: 1.510 Thread 0x00000000198c8000 Exception <a 'java/lang/NoSuchMethodError': <clinit>> (0x00000000e064bdf8) thrown at [C:\re\workspace\8-2-build-windows-amd64-cygwin\jdk8u202\12323\hotspot\src\share\vm\prims\jni.cpp, line 1614]
Event: 1.515 Thread 0x00000000198c8000 Exception <a 'java/lang/NoSuchMethodError': <clinit>> (0x00000000e06aa730) thrown at [C:\re\workspace\8-2-build-windows-amd64-cygwin\jdk8u202\12323\hotspot\src\share\vm\prims\jni.cpp, line 1614]
Event: 1.517 Thread 0x00000000198c8000 Exception <a 'java/lang/NoSuchMethodError': <clinit>> (0x00000000e06d6c90) thrown at [C:\re\workspace\8-2-build-windows-amd64-cygwin\jdk8u202\12323\hotspot\src\share\vm\prims\jni.cpp, line 1614]
Event: 1.520 Thread 0x00000000198c8000 Exception <a 'java/lang/NoSuchMethodError': <clinit>> (0x00000000e0706218) thrown at [C:\re\workspace\8-2-build-windows-amd64-cygwin\jdk8u202\12323\hotspot\src\share\vm\prims\jni.cpp, line 1614]
Event: 1.520 Thread 0x00000000198c8000 Exception <a 'java/lang/NoSuchMethodError': <clinit>> (0x00000000e0711620) thrown at [C:\re\workspace\8-2-build-windows-amd64-cygwin\jdk8u202\12323\hotspot\src\share\vm\prims\jni.cpp, line 1614]

Events (10 events):
Event: 1.817 loading class org/gradle/internal/resource/ResourceLocation
Event: 1.817 loading class org/gradle/internal/resource/ResourceLocation done
Event: 1.818 loading class org/gradle/internal/resource/ResourceIsAFolderException
Event: 1.818 loading class org/gradle/internal/resource/ResourceIsAFolderException done
Event: 1.818 loading class org/apache/commons/io/FilenameUtils
Event: 1.818 loading class org/apache/commons/io/FilenameUtils done
Event: 1.819 loading class org/gradle/groovy/scripts/TextResourceScriptSource
Event: 1.819 loading class org/gradle/groovy/scripts/TextResourceScriptSource done
Event: 1.819 loading class org/gradle/api/Task
Event: 1.820 loading class org/gradle/api/Task done


Dynamic libraries:
0x00007ff6063c0000 - 0x00007ff6063f7000 	C:\Program Files\Java\jdk1.8.0_202\bin\java.exe
0x00007ff892aa0000 - 0x00007ff892c90000 	C:\WINDOWS\SYSTEM32\ntdll.dll
0x00007ff892870000 - 0x00007ff892922000 	C:\WINDOWS\System32\KERNEL32.DLL
0x00007ff88fa30000 - 0x00007ff88fcd3000 	C:\WINDOWS\System32\KERNELBASE.dll
0x00007ff891f00000 - 0x00007ff891fa3000 	C:\WINDOWS\System32\ADVAPI32.dll
0x00007ff8911d0000 - 0x00007ff89126e000 	C:\WINDOWS\System32\msvcrt.dll
0x00007ff890d20000 - 0x00007ff890db7000 	C:\WINDOWS\System32\sechost.dll
0x00007ff892940000 - 0x00007ff892a60000 	C:\WINDOWS\System32\RPCRT4.dll
0x00007ff891670000 - 0x00007ff891804000 	C:\WINDOWS\System32\USER32.dll
0x00007ff88fe00000 - 0x00007ff88fe21000 	C:\WINDOWS\System32\win32u.dll
0x00007ff892090000 - 0x00007ff8920b6000 	C:\WINDOWS\System32\GDI32.dll
0x00007ff88fe30000 - 0x00007ff88ffc4000 	C:\WINDOWS\System32\gdi32full.dll
0x00007ff88fd60000 - 0x00007ff88fdfe000 	C:\WINDOWS\System32\msvcp_win.dll
0x00007ff8902d0000 - 0x00007ff8903ca000 	C:\WINDOWS\System32\ucrtbase.dll
0x00007ff8718a0000 - 0x00007ff871b25000 	C:\WINDOWS\WinSxS\amd64_microsoft.windows.common-controls_6595b64144ccf1df_6.0.18362.418_none_e6c6b287130d565d\COMCTL32.dll
0x00007ff890dc0000 - 0x00007ff8910f6000 	C:\WINDOWS\System32\combase.dll
0x00007ff88fce0000 - 0x00007ff88fd60000 	C:\WINDOWS\System32\bcryptPrimitives.dll
0x00007ff8913a0000 - 0x00007ff8913ce000 	C:\WINDOWS\System32\IMM32.DLL
0x0000000061250000 - 0x0000000061322000 	C:\Program Files\Java\jdk1.8.0_202\jre\bin\msvcr100.dll
0x00000000609a0000 - 0x0000000061245000 	C:\Program Files\Java\jdk1.8.0_202\jre\bin\server\jvm.dll
0x00007ff891fb0000 - 0x00007ff891fb8000 	C:\WINDOWS\System32\PSAPI.DLL
0x00007ff88eab0000 - 0x00007ff88eaba000 	C:\WINDOWS\SYSTEM32\VERSION.dll
0x00007ff887830000 - 0x00007ff887839000 	C:\WINDOWS\SYSTEM32\WSOCK32.dll
0x00007ff88cdc0000 - 0x00007ff88cde4000 	C:\WINDOWS\SYSTEM32\WINMM.dll
0x00007ff891160000 - 0x00007ff8911cf000 	C:\WINDOWS\System32\WS2_32.dll
0x00007ff88cd90000 - 0x00007ff88cdbd000 	C:\WINDOWS\SYSTEM32\winmmbase.dll
0x00007ff890280000 - 0x00007ff8902ca000 	C:\WINDOWS\System32\cfgmgr32.dll
0x00007ff88baa0000 - 0x00007ff88baaf000 	C:\Program Files\Java\jdk1.8.0_202\jre\bin\verify.dll
0x00007ff886e40000 - 0x00007ff886e69000 	C:\Program Files\Java\jdk1.8.0_202\jre\bin\java.dll
0x00007ff886e20000 - 0x00007ff886e36000 	C:\Program Files\Java\jdk1.8.0_202\jre\bin\zip.dll
0x00007ff891810000 - 0x00007ff891ef5000 	C:\WINDOWS\System32\SHELL32.dll
0x00007ff8927c0000 - 0x00007ff892869000 	C:\WINDOWS\System32\shcore.dll
0x00007ff8903d0000 - 0x00007ff890b4f000 	C:\WINDOWS\System32\windows.storage.dll
0x00007ff88f9a0000 - 0x00007ff88f9bf000 	C:\WINDOWS\System32\profapi.dll
0x00007ff88f9c0000 - 0x00007ff88fa0a000 	C:\WINDOWS\System32\powrprof.dll
0x00007ff88f970000 - 0x00007ff88f980000 	C:\WINDOWS\System32\UMPDC.dll
0x00007ff891270000 - 0x00007ff8912c2000 	C:\WINDOWS\System32\shlwapi.dll
0x00007ff88fa10000 - 0x00007ff88fa21000 	C:\WINDOWS\System32\kernel.appcore.dll
0x00007ff8901b0000 - 0x00007ff8901c7000 	C:\WINDOWS\System32\cryptsp.dll
0x00007ff886e00000 - 0x00007ff886e1a000 	C:\Program Files\Java\jdk1.8.0_202\jre\bin\net.dll
0x00007ff8816b0000 - 0x00007ff881886000 	C:\WINDOWS\SYSTEM32\urlmon.dll
0x00007ff881310000 - 0x00007ff8815b6000 	C:\WINDOWS\SYSTEM32\iertutil.dll
0x00007ff88f2b0000 - 0x00007ff88f2bc000 	C:\WINDOWS\SYSTEM32\CRYPTBASE.DLL
0x00007ff88f130000 - 0x00007ff88f197000 	C:\WINDOWS\system32\mswsock.dll
0x00007ff886de0000 - 0x00007ff886df2000 	C:\Program Files\Java\jdk1.8.0_202\jre\bin\nio.dll
0x00007ff88ba50000 - 0x00007ff88ba6e000 	C:\Users\Shubham\.gradle\native\25\windows-amd64\native-platform.dll
0x00007ff886dd0000 - 0x00007ff886ddd000 	C:\Program Files\Java\jdk1.8.0_202\jre\bin\management.dll
0x00007ff88ecb0000 - 0x00007ff88ece3000 	C:\WINDOWS\system32\rsaenh.dll
0x00007ff890120000 - 0x00007ff890146000 	C:\WINDOWS\System32\bcrypt.dll
0x00007ff88f890000 - 0x00007ff88f8b5000 	C:\WINDOWS\SYSTEM32\USERENV.dll
0x00007ff88ee50000 - 0x00007ff88ee8a000 	C:\WINDOWS\SYSTEM32\IPHLPAPI.DLL
0x00007ff892930000 - 0x00007ff892938000 	C:\WINDOWS\System32\NSI.dll
0x00007ff887c70000 - 0x00007ff887c86000 	C:\WINDOWS\SYSTEM32\dhcpcsvc6.DLL
0x00007ff887b80000 - 0x00007ff887b9c000 	C:\WINDOWS\SYSTEM32\dhcpcsvc.DLL
0x00007ff88ee90000 - 0x00007ff88ef5a000 	C:\WINDOWS\SYSTEM32\DNSAPI.dll

VM Arguments:
jvm_args: -Xmx1536m -Dfile.encoding=windows-1252 -Duser.country=US -Duser.language=en -Duser.variant 
java_command: org.gradle.launcher.daemon.bootstrap.GradleDaemon 4.10.1
java_class_path (initial): C:\Users\Shubham\.gradle\wrapper\dists\gradle-4.10.1-all\455itskqi2qtf0v2sja68alqd\gradle-4.10.1\lib\gradle-launcher-4.10.1.jar
Launcher Type: SUN_STANDARD

Environment Variables:
JAVA_HOME=C:\Program Files\AdoptOpenJDK\jdk-12.0.2.10-openj9\
PATH=C:\ProgramData\DockerDesktop\version-bin;C:\Program Files\Docker\Docker\Resources\bin;C:\Program Files\AdoptOpenJDK\jdk-12.0.2.10-openj9\bin;C:\Program Files (x86)\Common Files\Oracle\Java\javapath;C:\oraclexe\app\oracle\product\11.2.0\server\bin;C:\Program Files (x86)\Intel\Intel(R) Management Engine Components\iCLS\;C:\Program Files\Intel\Intel(R) Management Engine Components\iCLS\;C:\WINDOWS\system32;C:\WINDOWS;C:\WINDOWS\System32\Wbem;C:\WINDOWS\System32\WindowsPowerShell\v1.0\;C:\WINDOWS\System32\OpenSSH\;C:\Program Files\Microsoft VS Code\bin;C:\Program Files\Java\jdk-10.0.2\bin;C:\Program Files (x86)\Intel\Intel(R) Management Engine Components\DAL;C:\Program Files\Intel\Intel(R) Management Engine Components\DAL;C:\Program Files (x86)\Intel\Intel(R) Management Engine Components\IPT;C:\Program Files\Intel\Intel(R) Management Engine Components\IPT;C:\Program Files (x86)\PharosSystems\Core;C:\Program Files\Git\cmd;C:\Program Files\PuTTY\;C:\Users\Shubham\Miniconda3;C:\Users\Shubham\Miniconda3\Library\mingw-w64\bin;C:\Users\Shubham\Miniconda3\Library\usr\bin;C:\Users\Shubham\Miniconda3\Library\bin;C:\Users\Shubham\Miniconda3\Scripts;C:\Users\Shubham\AppData\Local\Microsoft\WindowsApps;C:\Program Files\Java\jdk1.8.0_202\bin;C:\Program Files\heroku\bin
USERNAME=Shubham
OS=Windows_NT
PROCESSOR_IDENTIFIER=Intel64 Family 6 Model 142 Stepping 10, GenuineIntel



---------------  S Y S T E M  ---------------

OS: Windows 10.0 , 64 bit Build 18362 (10.0.18362.329)

CPU:total 8 (initial active 8) (4 cores per cpu, 2 threads per core) family 6 model 142 stepping 10, cmov, cx8, fxsr, mmx, sse, sse2, sse3, ssse3, sse4.1, sse4.2, popcnt, avx, avx2, aes, clmul, erms, 3dnowpref, lzcnt, ht, tsc, tscinvbit, bmi1, bmi2, adx

Memory: 4k page, physical 8260324k(761392k free), swap 10210020k(3060k free)

vm_info: Java HotSpot(TM) 64-Bit Server VM (25.202-b08) for windows-amd64 JRE (1.8.0_202-b08), built on Dec 15 2018 19:54:30 by "java_re" with MS VC++ 10.0 (VS2010)

time: Sun Nov 10 12:06:56 2019
timezone: Eastern Standard Time
elapsed time: 1 seconds (0d 0h 0m 1s)

